<?xml version="1.0" encoding="utf-8"?>
<TestRun id="788c5dc9-7479-4a62-a565-a687be827f3f" name="Burak@BKALAFAT 2025-10-21 17:57:36" runUser="BKALAFAT\Burak" xmlns="http://microsoft.com/schemas/VisualStudio/TeamTest/2010">
  <Times creation="2025-10-21T17:57:36.7192153+03:00" queuing="2025-10-21T17:57:36.7192156+03:00" start="2025-10-21T17:57:35.5768160+03:00" finish="2025-10-21T17:57:38.2458115+03:00" />
  <TestSettings name="default" id="fd1044c0-9521-429e-af39-2a62f8d2a494">
    <Deployment runDeploymentRoot="Burak_BKALAFAT_2025-10-21_17_57_36" />
  </TestSettings>
  <Results>
    <UnitTestResult executionId="e9404d91-728c-40a1-8e92-d508b943644d" testId="9c1f32b3-9651-0882-f5db-15087cd4d742" testName="NewsApi.Tests.Unit.Presentation.NewsControllerTests.GetNewsById_WithInvalidId_ShouldReturn404" computerName="BKALAFAT" duration="00:00:00.0034159" startTime="2025-10-21T17:57:36.8019352+03:00" endTime="2025-10-21T17:57:36.8019356+03:00" testType="13cdc9d9-ddb5-4fa4-a97d-d965ccfc6d4b" outcome="Passed" testListId="8c84fa94-04c1-424b-9868-57a2d4851a1d" relativeResultsDirectory="e9404d91-728c-40a1-8e92-d508b943644d" />
    <UnitTestResult executionId="cde577bc-f0f1-44b3-b54b-92207de7c4cb" testId="4f7c43cd-d21a-0f1e-de43-925e6ccc7370" testName="NewsApi.Tests.Unit.Presentation.NewsControllerTests.UpdateNews_WithInvalidId_ShouldReturn404" computerName="BKALAFAT" duration="00:00:00.0025236" startTime="2025-10-21T17:57:36.8540879+03:00" endTime="2025-10-21T17:57:36.8540883+03:00" testType="13cdc9d9-ddb5-4fa4-a97d-d965ccfc6d4b" outcome="Passed" testListId="8c84fa94-04c1-424b-9868-57a2d4851a1d" relativeResultsDirectory="cde577bc-f0f1-44b3-b54b-92207de7c4cb" />
    <UnitTestResult executionId="1f214cbe-1d57-40ef-aa11-a646b04e9b0d" testId="2ba5f754-af82-c136-af8b-48a1df6d1f50" testName="NewsApi.Tests.Unit.Presentation.NewsControllerTests.GetAllNews_WithEmptyList_ShouldReturnEmptyList" computerName="BKALAFAT" duration="00:00:00.0017364" startTime="2025-10-21T17:57:36.7995918+03:00" endTime="2025-10-21T17:57:36.7995921+03:00" testType="13cdc9d9-ddb5-4fa4-a97d-d965ccfc6d4b" outcome="Passed" testListId="8c84fa94-04c1-424b-9868-57a2d4851a1d" relativeResultsDirectory="1f214cbe-1d57-40ef-aa11-a646b04e9b0d" />
    <UnitTestResult executionId="95505f21-252b-4b8a-bd12-f7da4c3bfd44" testId="b45f552e-62e2-dc66-83db-fb2c585fec55" testName="NewsApi.Tests.Unit.Validators.CreateNewsDtoValidatorTests.Keywords_WhenValid_ShouldNotHaveValidationError" computerName="BKALAFAT" duration="00:00:00.0006491" startTime="2025-10-21T17:57:36.7267405+03:00" endTime="2025-10-21T17:57:36.7267406+03:00" testType="13cdc9d9-ddb5-4fa4-a97d-d965ccfc6d4b" outcome="Passed" testListId="8c84fa94-04c1-424b-9868-57a2d4851a1d" relativeResultsDirectory="95505f21-252b-4b8a-bd12-f7da4c3bfd44" />
    <UnitTestResult executionId="bd6a3d28-1308-4b20-bfc1-6251dfb26d11" testId="24ffef95-2a66-7f7d-1f30-5f7d98f23851" testName="NewsApi.Tests.Integration.Controllers.NewsControllerIntegrationTests.UpdateNews_WithValidData_ShouldReturnNoContent" computerName="BKALAFAT" duration="00:00:00.0277283" startTime="2025-10-21T17:57:38.1066127+03:00" endTime="2025-10-21T17:57:38.1066128+03:00" testType="13cdc9d9-ddb5-4fa4-a97d-d965ccfc6d4b" outcome="Passed" testListId="8c84fa94-04c1-424b-9868-57a2d4851a1d" relativeResultsDirectory="bd6a3d28-1308-4b20-bfc1-6251dfb26d11" />
    <UnitTestResult executionId="a02836fa-0378-45d3-ac68-676d42b2b5f4" testId="07bd8d5a-c71d-7d3b-fa00-4cfe0fbe94fa" testName="NewsApi.Tests.Unit.Domain.NewsEntityTests.News_WhenPropertiesSet_ShouldRetainValues" computerName="BKALAFAT" duration="00:00:00.0326014" startTime="2025-10-21T17:57:36.6797654+03:00" endTime="2025-10-21T17:57:36.6797654+03:00" testType="13cdc9d9-ddb5-4fa4-a97d-d965ccfc6d4b" outcome="Passed" testListId="8c84fa94-04c1-424b-9868-57a2d4851a1d" relativeResultsDirectory="a02836fa-0378-45d3-ac68-676d42b2b5f4" />
    <UnitTestResult executionId="9ea29ccd-d571-465b-bc65-3bf19d4058c5" testId="6168788e-0969-0b84-65e1-1e8c043f1925" testName="NewsApi.Tests.Unit.Domain.NewsEntityAdvancedTests.News_AsPopular_ShouldHaveHighViewCount" computerName="BKALAFAT" duration="00:00:00.0006373" startTime="2025-10-21T17:57:36.6754457+03:00" endTime="2025-10-21T17:57:36.6754457+03:00" testType="13cdc9d9-ddb5-4fa4-a97d-d965ccfc6d4b" outcome="Passed" testListId="8c84fa94-04c1-424b-9868-57a2d4851a1d" relativeResultsDirectory="9ea29ccd-d571-465b-bc65-3bf19d4058c5" />
    <UnitTestResult executionId="3fecfd94-a42b-40e4-a2f9-bc5ac6817df3" testId="dc778940-1523-b2fb-539a-04fd84c434c3" testName="NewsApi.Tests.Unit.Domain.NewsEntityTests.News_WhenCreated_ShouldHaveDefaultValues" computerName="BKALAFAT" duration="00:00:00.0120975" startTime="2025-10-21T17:57:36.6772071+03:00" endTime="2025-10-21T17:57:36.6772071+03:00" testType="13cdc9d9-ddb5-4fa4-a97d-d965ccfc6d4b" outcome="Passed" testListId="8c84fa94-04c1-424b-9868-57a2d4851a1d" relativeResultsDirectory="3fecfd94-a42b-40e4-a2f9-bc5ac6817df3" />
    <UnitTestResult executionId="6af3d761-fb73-4fd1-800f-e7d31938be82" testId="c6916cc5-22a2-5a4d-a163-b8e19c69ca7d" testName="NewsApi.Tests.Unit.Validators.CreateNewsDtoValidatorTests.CompleteValidDto_ShouldNotHaveAnyValidationErrors" computerName="BKALAFAT" duration="00:00:00.0006065" startTime="2025-10-21T17:57:36.7591313+03:00" endTime="2025-10-21T17:57:36.7591317+03:00" testType="13cdc9d9-ddb5-4fa4-a97d-d965ccfc6d4b" outcome="Passed" testListId="8c84fa94-04c1-424b-9868-57a2d4851a1d" relativeResultsDirectory="6af3d761-fb73-4fd1-800f-e7d31938be82" />
    <UnitTestResult executionId="8177fa02-95bb-4ba9-bfc9-98403db4f850" testId="c1afee7e-cdac-8bb9-19f7-5480d00aa4ef" testName="NewsApi.Tests.Unit.Application.NewsServiceTests.DeleteNewsAsync_WhenRepositoryThrows_ShouldPropagateException" computerName="BKALAFAT" duration="00:00:00.0026969" startTime="2025-10-21T17:57:36.7923712+03:00" endTime="2025-10-21T17:57:36.7923717+03:00" testType="13cdc9d9-ddb5-4fa4-a97d-d965ccfc6d4b" outcome="Passed" testListId="8c84fa94-04c1-424b-9868-57a2d4851a1d" relativeResultsDirectory="8177fa02-95bb-4ba9-bfc9-98403db4f850" />
    <UnitTestResult executionId="b2b980b1-6b9c-406b-8e54-32e64d4abc9e" testId="b35ca57f-ea26-c71a-f154-77d60ea62bd2" testName="NewsApi.Tests.Unit.Application.NewsValidatorTests.Summary_WhenEmpty_ShouldHaveValidationError" computerName="BKALAFAT" duration="00:00:00.0087826" startTime="2025-10-21T17:57:36.7528964+03:00" endTime="2025-10-21T17:57:36.7528964+03:00" testType="13cdc9d9-ddb5-4fa4-a97d-d965ccfc6d4b" outcome="Passed" testListId="8c84fa94-04c1-424b-9868-57a2d4851a1d" relativeResultsDirectory="b2b980b1-6b9c-406b-8e54-32e64d4abc9e" />
    <UnitTestResult executionId="2921250a-0ce7-4c42-8d61-320b4d8b04c4" testId="9d270cde-5956-700f-18ac-eff89320debb" testName="NewsApi.Tests.Unit.Validators.CreateNewsDtoValidatorTests.Type_WhenEmpty_ShouldHaveValidationError" computerName="BKALAFAT" duration="00:00:00.0006873" startTime="2025-10-21T17:57:36.7322351+03:00" endTime="2025-10-21T17:57:36.7322353+03:00" testType="13cdc9d9-ddb5-4fa4-a97d-d965ccfc6d4b" outcome="Passed" testListId="8c84fa94-04c1-424b-9868-57a2d4851a1d" relativeResultsDirectory="2921250a-0ce7-4c42-8d61-320b4d8b04c4" />
    <UnitTestResult executionId="e7aab458-1c51-41ad-be6b-d4ad286a5c3c" testId="79a21de9-2a52-7d62-91ad-e5aa2383cd6d" testName="NewsApi.Tests.Unit.Validators.CreateNewsDtoValidatorTests.Priority_WhenInRange_ShouldNotHaveValidationError(priority: 50)" computerName="BKALAFAT" duration="00:00:00.0003003" startTime="2025-10-21T17:57:36.7561907+03:00" endTime="2025-10-21T17:57:36.7561907+03:00" testType="13cdc9d9-ddb5-4fa4-a97d-d965ccfc6d4b" outcome="Passed" testListId="8c84fa94-04c1-424b-9868-57a2d4851a1d" relativeResultsDirectory="e7aab458-1c51-41ad-be6b-d4ad286a5c3c" />
    <UnitTestResult executionId="baf1ef5f-0631-4242-a69d-69fd19b4b6b1" testId="903245b3-ead9-aff7-a5f3-f588ea0bddfe" testName="NewsApi.Tests.Unit.Performance.NewsServicePerformanceTests.GetNewsByIdAsync_WithCache_ShouldBeFaster" computerName="BKALAFAT" duration="00:00:00.0024033" startTime="2025-10-21T17:57:37.1941364+03:00" endTime="2025-10-21T17:57:37.1941370+03:00" testType="13cdc9d9-ddb5-4fa4-a97d-d965ccfc6d4b" outcome="Passed" testListId="8c84fa94-04c1-424b-9868-57a2d4851a1d" relativeResultsDirectory="baf1ef5f-0631-4242-a69d-69fd19b4b6b1" />
    <UnitTestResult executionId="cea3ea94-9b78-4480-8767-c0513fc39e55" testId="4064cc97-9847-44cf-dd67-bed797dd18c0" testName="NewsApi.Tests.Unit.Application.NewsValidatorTests.Priority_WhenInRange_ShouldNotHaveValidationError(priority: 100)" computerName="BKALAFAT" duration="00:00:00.0006122" startTime="2025-10-21T17:57:36.7128427+03:00" endTime="2025-10-21T17:57:36.7128430+03:00" testType="13cdc9d9-ddb5-4fa4-a97d-d965ccfc6d4b" outcome="Passed" testListId="8c84fa94-04c1-424b-9868-57a2d4851a1d" relativeResultsDirectory="cea3ea94-9b78-4480-8767-c0513fc39e55" />
    <UnitTestResult executionId="fc90718a-8a15-4bab-8713-4835c99c3853" testId="7af161e1-abc7-db46-f821-aba7a9839473" testName="NewsApi.Tests.Unit.Performance.NewsServicePerformanceTests.GetAllNewsAsync_WithLargeDataset_ShouldCompleteWithinTimeout" computerName="BKALAFAT" duration="00:00:00.4295630" startTime="2025-10-21T17:57:37.1916865+03:00" endTime="2025-10-21T17:57:37.1916867+03:00" testType="13cdc9d9-ddb5-4fa4-a97d-d965ccfc6d4b" outcome="Passed" testListId="8c84fa94-04c1-424b-9868-57a2d4851a1d" relativeResultsDirectory="fc90718a-8a15-4bab-8713-4835c99c3853" />
    <UnitTestResult executionId="d5545736-546f-4178-abc6-67e0cc925200" testId="786b6f60-b60e-1d93-f172-11402d5a66bd" testName="NewsApi.Tests.Unit.Domain.NewsEntityTests.News_ViewCount_ShouldAcceptPositiveValues(viewCount: 2147483647)" computerName="BKALAFAT" duration="00:00:00.0002565" startTime="2025-10-21T17:57:36.6779729+03:00" endTime="2025-10-21T17:57:36.6779730+03:00" testType="13cdc9d9-ddb5-4fa4-a97d-d965ccfc6d4b" outcome="Passed" testListId="8c84fa94-04c1-424b-9868-57a2d4851a1d" relativeResultsDirectory="d5545736-546f-4178-abc6-67e0cc925200" />
    <UnitTestResult executionId="e8b745a6-4091-49fa-968a-9103be238877" testId="c43b4834-8e7f-80c3-e4e9-ca7d94e862c7" testName="NewsApi.Tests.Unit.Presentation.NewsControllerTests.GetAllNews_WithCategoryFilter_ShouldReturnFilteredNews" computerName="BKALAFAT" duration="00:00:00.0029367" startTime="2025-10-21T17:57:36.8571760+03:00" endTime="2025-10-21T17:57:36.8571763+03:00" testType="13cdc9d9-ddb5-4fa4-a97d-d965ccfc6d4b" outcome="Passed" testListId="8c84fa94-04c1-424b-9868-57a2d4851a1d" relativeResultsDirectory="e8b745a6-4091-49fa-968a-9103be238877" />
    <UnitTestResult executionId="1d12b869-ba01-417f-b666-52f81ac03f27" testId="5eacaf2b-2742-7e81-ea44-5ed3fb86c214" testName="NewsApi.Tests.Unit.Presentation.NewsControllerTests.GetNewsByUrl_WhenServiceThrows_ShouldReturn500" computerName="BKALAFAT" duration="00:00:00.0033714" startTime="2025-10-21T17:57:36.8054445+03:00" endTime="2025-10-21T17:57:36.8054449+03:00" testType="13cdc9d9-ddb5-4fa4-a97d-d965ccfc6d4b" outcome="Passed" testListId="8c84fa94-04c1-424b-9868-57a2d4851a1d" relativeResultsDirectory="1d12b869-ba01-417f-b666-52f81ac03f27" />
    <UnitTestResult executionId="9d803130-0a6c-4f1d-a32b-0076a219c0cf" testId="b6a678a7-721e-918a-b257-f2d9c3e0ed81" testName="NewsApi.Tests.Unit.Validators.UpdateNewsDtoValidatorTests.Priority_WhenInRange_ShouldNotHaveValidationError(priority: 100)" computerName="BKALAFAT" duration="00:00:00.0025852" startTime="2025-10-21T17:57:36.6950216+03:00" endTime="2025-10-21T17:57:36.6950219+03:00" testType="13cdc9d9-ddb5-4fa4-a97d-d965ccfc6d4b" outcome="Passed" testListId="8c84fa94-04c1-424b-9868-57a2d4851a1d" relativeResultsDirectory="9d803130-0a6c-4f1d-a32b-0076a219c0cf" />
    <UnitTestResult executionId="0897987f-8e68-4e04-9d57-a2ad12b07564" testId="6e252dc6-da84-ad88-a907-751b6a0c62ad" testName="NewsApi.Tests.Unit.Performance.NewsServicePerformanceTests.CreateNewsAsync_MultipleConcurrentCalls_ShouldHandleCorrectly" computerName="BKALAFAT" duration="00:00:00.0024318" startTime="2025-10-21T17:57:37.2002044+03:00" endTime="2025-10-21T17:57:37.2002049+03:00" testType="13cdc9d9-ddb5-4fa4-a97d-d965ccfc6d4b" outcome="Passed" testListId="8c84fa94-04c1-424b-9868-57a2d4851a1d" relativeResultsDirectory="0897987f-8e68-4e04-9d57-a2ad12b07564" />
    <UnitTestResult executionId="d48a946a-9842-4988-9766-28ec042b2a9b" testId="dcc590cb-390d-9608-2053-6c41ac1fa3dc" testName="NewsApi.Tests.Unit.DTOs.CreateNewsDtoTests.CreateNewsDto_WithFutureExpressDate_ShouldBeValid" computerName="BKALAFAT" duration="00:00:00.0305375" startTime="2025-10-21T17:57:36.5805770+03:00" endTime="2025-10-21T17:57:36.5806617+03:00" testType="13cdc9d9-ddb5-4fa4-a97d-d965ccfc6d4b" outcome="Passed" testListId="8c84fa94-04c1-424b-9868-57a2d4851a1d" relativeResultsDirectory="d48a946a-9842-4988-9766-28ec042b2a9b" />
    <UnitTestResult executionId="25dda3d2-4ec9-4a33-9b09-0483f33a45f1" testId="8f0505e1-bad6-6555-11b0-64864b0a512b" testName="NewsApi.Tests.Unit.Validators.CreateNewsDtoValidatorTests.ExpressDate_WhenMinValue_ShouldHaveValidationError" computerName="BKALAFAT" duration="00:00:00.0012500" startTime="2025-10-21T17:57:36.7163162+03:00" endTime="2025-10-21T17:57:36.7163164+03:00" testType="13cdc9d9-ddb5-4fa4-a97d-d965ccfc6d4b" outcome="Passed" testListId="8c84fa94-04c1-424b-9868-57a2d4851a1d" relativeResultsDirectory="25dda3d2-4ec9-4a33-9b09-0483f33a45f1" />
    <UnitTestResult executionId="bccd2d9f-ca65-4ebc-9230-f09b387f5249" testId="3f7eee94-0225-719c-7cf4-c3ea9af2ae36" testName="NewsApi.Tests.Integration.Controllers.NewsControllerIntegrationTests.DeleteNews_WithValidId_ShouldReturnNoContent" computerName="BKALAFAT" duration="00:00:00.0141569" startTime="2025-10-21T17:57:38.1305864+03:00" endTime="2025-10-21T17:57:38.1305865+03:00" testType="13cdc9d9-ddb5-4fa4-a97d-d965ccfc6d4b" outcome="Passed" testListId="8c84fa94-04c1-424b-9868-57a2d4851a1d" relativeResultsDirectory="bccd2d9f-ca65-4ebc-9230-f09b387f5249" />
    <UnitTestResult executionId="1802fae4-63ca-4c14-8dcf-0a19a8f09b72" testId="fa1d82e0-7d28-a848-f0bf-16d6a892315b" testName="NewsApi.Tests.Unit.Domain.NewsEntityTests.News_Type_ShouldAcceptValidTypes(type: &quot;Opinion&quot;)" computerName="BKALAFAT" duration="00:00:00.0003160" startTime="2025-10-21T17:57:36.6711816+03:00" endTime="2025-10-21T17:57:36.6711818+03:00" testType="13cdc9d9-ddb5-4fa4-a97d-d965ccfc6d4b" outcome="Passed" testListId="8c84fa94-04c1-424b-9868-57a2d4851a1d" relativeResultsDirectory="1802fae4-63ca-4c14-8dcf-0a19a8f09b72" />
    <UnitTestResult executionId="06bc0f89-babc-446a-94c7-7616bdf49e8a" testId="95f8edab-453e-c818-32da-8b83699fb60c" testName="NewsApi.Tests.Unit.Validators.CreateNewsDtoValidatorTests.Category_WhenValid_ShouldNotHaveValidationError" computerName="BKALAFAT" duration="00:00:00.0008058" startTime="2025-10-21T17:57:36.7286731+03:00" endTime="2025-10-21T17:57:36.7286732+03:00" testType="13cdc9d9-ddb5-4fa4-a97d-d965ccfc6d4b" outcome="Passed" testListId="8c84fa94-04c1-424b-9868-57a2d4851a1d" relativeResultsDirectory="06bc0f89-babc-446a-94c7-7616bdf49e8a" />
    <UnitTestResult executionId="12ef14ba-df4e-435f-bf39-fc71e90e9646" testId="973205ea-63f0-900a-fe43-b880cd30b40f" testName="NewsApi.Tests.Unit.Domain.NewsEntityTests.News_Priority_ShouldAcceptAnyIntegerValue(priority: -1)" computerName="BKALAFAT" duration="00:00:00.0004903" startTime="2025-10-21T17:57:36.6752345+03:00" endTime="2025-10-21T17:57:36.6752345+03:00" testType="13cdc9d9-ddb5-4fa4-a97d-d965ccfc6d4b" outcome="Passed" testListId="8c84fa94-04c1-424b-9868-57a2d4851a1d" relativeResultsDirectory="12ef14ba-df4e-435f-bf39-fc71e90e9646" />
    <UnitTestResult executionId="7086ded4-9f99-4bb2-9677-4c99295d0769" testId="a668aa71-8f7e-60d7-74cd-14774021eb34" testName="NewsApi.Tests.Unit.DTOs.UpdateNewsDtoTests.UpdateNewsDto_WithAllProperties_ShouldAllowPartialUpdates" computerName="BKALAFAT" duration="00:00:00.0041895" startTime="2025-10-21T17:57:36.6762803+03:00" endTime="2025-10-21T17:57:36.6762804+03:00" testType="13cdc9d9-ddb5-4fa4-a97d-d965ccfc6d4b" outcome="Passed" testListId="8c84fa94-04c1-424b-9868-57a2d4851a1d" relativeResultsDirectory="7086ded4-9f99-4bb2-9677-4c99295d0769" />
    <UnitTestResult executionId="e8d547e4-092c-4d4a-a3a2-419034a2f99f" testId="d0a89c9a-be79-6840-f4bb-2fde6edd6fdd" testName="NewsApi.Tests.Integration.Controllers.NewsControllerIntegrationTests.DeleteNews_WithInvalidId_ShouldReturn404" computerName="BKALAFAT" duration="00:00:00.0449168" startTime="2025-10-21T17:57:38.0163522+03:00" endTime="2025-10-21T17:57:38.0163523+03:00" testType="13cdc9d9-ddb5-4fa4-a97d-d965ccfc6d4b" outcome="Failed" testListId="8c84fa94-04c1-424b-9868-57a2d4851a1d" relativeResultsDirectory="e8d547e4-092c-4d4a-a3a2-419034a2f99f">
      <Output>
        <ErrorInfo>
          <Message>Expected response.StatusCode to be HttpStatusCode.NotFound {value: 404}, but found HttpStatusCode.InternalServerError {value: 500}.</Message>
          <StackTrace>   at FluentAssertions.Execution.LateBoundTestFramework.Throw(String message)&#xD;
   at FluentAssertions.Execution.DefaultAssertionStrategy.HandleFailure(String message)&#xD;
   at FluentAssertions.Execution.AssertionScope.AddPreFormattedFailure(String formattedFailureMessage)&#xD;
   at FluentAssertions.Execution.AssertionChain.FailWith(Func`1 getFailureReason)&#xD;
   at FluentAssertions.Execution.AssertionChain.FailWith(Func`1 getFailureReason)&#xD;
   at FluentAssertions.Execution.AssertionChain.FailWith(String message, Object[] args)&#xD;
   at FluentAssertions.Primitives.EnumAssertions`2.Be(TEnum expected, String because, Object[] becauseArgs)&#xD;
   at NewsApi.Tests.Integration.Controllers.NewsControllerIntegrationTests.DeleteNews_WithInvalidId_ShouldReturn404() in c:\dev\news-api\NewsApi.Tests\Integration\Controllers\NewsControllerIntegrationTests.cs:line 229&#xD;
--- End of stack trace from previous location ---</StackTrace>
        </ErrorInfo>
      </Output>
    </UnitTestResult>
    <UnitTestResult executionId="ca3031cf-8e1a-4426-b10c-7113c52a9172" testId="5b91fae5-0de5-cf89-94e5-51859529d129" testName="NewsApi.Tests.Unit.Application.NewsValidatorTests.Category_WhenNull_ShouldHaveValidationError" computerName="BKALAFAT" duration="00:00:00.0598099" startTime="2025-10-21T17:57:36.7046719+03:00" endTime="2025-10-21T17:57:36.7046720+03:00" testType="13cdc9d9-ddb5-4fa4-a97d-d965ccfc6d4b" outcome="Passed" testListId="8c84fa94-04c1-424b-9868-57a2d4851a1d" relativeResultsDirectory="ca3031cf-8e1a-4426-b10c-7113c52a9172" />
    <UnitTestResult executionId="cf50bbcb-f562-4174-a64e-e59cbc5e99b5" testId="625d228f-383b-ac61-a227-4388a24abc82" testName="NewsApi.Tests.Unit.DTOs.CreateNewsDtoTests.CreateNewsDto_WithNullableProperties_ShouldAllowNulls" computerName="BKALAFAT" duration="00:00:00.0010297" startTime="2025-10-21T17:57:36.6798953+03:00" endTime="2025-10-21T17:57:36.6798954+03:00" testType="13cdc9d9-ddb5-4fa4-a97d-d965ccfc6d4b" outcome="Passed" testListId="8c84fa94-04c1-424b-9868-57a2d4851a1d" relativeResultsDirectory="cf50bbcb-f562-4174-a64e-e59cbc5e99b5" />
    <UnitTestResult executionId="fb8e5fa1-b534-4741-a4ae-79f5e3f4f070" testId="7ddfb496-25fe-dde9-8b6a-dd3c6c51412f" testName="NewsApi.Tests.Unit.Performance.NewsServicePerformanceTests.DeleteNewsAsync_CacheInvalidation_ShouldBeEfficient" computerName="BKALAFAT" duration="00:00:00.1677345" startTime="2025-10-21T17:57:36.6936664+03:00" endTime="2025-10-21T17:57:36.6936665+03:00" testType="13cdc9d9-ddb5-4fa4-a97d-d965ccfc6d4b" outcome="Passed" testListId="8c84fa94-04c1-424b-9868-57a2d4851a1d" relativeResultsDirectory="fb8e5fa1-b534-4741-a4ae-79f5e3f4f070" />
    <UnitTestResult executionId="a314b093-ec4c-4fa8-a5d6-22c882e7f359" testId="e9ba724d-2629-c121-c752-627eb083242f" testName="NewsApi.Tests.Unit.Application.NewsValidatorTests.ExpressDate_WhenEmpty_ShouldHaveValidationError" computerName="BKALAFAT" duration="00:00:00.0009118" startTime="2025-10-21T17:57:36.7456094+03:00" endTime="2025-10-21T17:57:36.7456095+03:00" testType="13cdc9d9-ddb5-4fa4-a97d-d965ccfc6d4b" outcome="Passed" testListId="8c84fa94-04c1-424b-9868-57a2d4851a1d" relativeResultsDirectory="a314b093-ec4c-4fa8-a5d6-22c882e7f359" />
    <UnitTestResult executionId="62b54de2-1de5-4dc5-8e3f-4ad66cb8adef" testId="8588602c-7e36-17fe-483e-73c1e3dabadd" testName="NewsApi.Tests.Unit.Application.NewsServiceTests.GetNewsByIdAsync_WhenCacheMissAndNewsExists_ShouldFetchAndCache" computerName="BKALAFAT" duration="00:00:00.0042181" startTime="2025-10-21T17:57:36.7779779+03:00" endTime="2025-10-21T17:57:36.7779780+03:00" testType="13cdc9d9-ddb5-4fa4-a97d-d965ccfc6d4b" outcome="Passed" testListId="8c84fa94-04c1-424b-9868-57a2d4851a1d" relativeResultsDirectory="62b54de2-1de5-4dc5-8e3f-4ad66cb8adef" />
    <UnitTestResult executionId="9ab28179-aa13-49fa-ba35-66ef01159f34" testId="5f44b445-a010-af99-8c93-39ddff851a00" testName="NewsApi.Tests.Unit.Domain.NewsEntityAdvancedTests.News_WithMultipleAuthors_ShouldMaintainOrder" computerName="BKALAFAT" duration="00:00:00.0049067" startTime="2025-10-21T17:57:36.6761841+03:00" endTime="2025-10-21T17:57:36.6761842+03:00" testType="13cdc9d9-ddb5-4fa4-a97d-d965ccfc6d4b" outcome="Passed" testListId="8c84fa94-04c1-424b-9868-57a2d4851a1d" relativeResultsDirectory="9ab28179-aa13-49fa-ba35-66ef01159f34" />
    <UnitTestResult executionId="6b64e5cd-830d-41a5-a9d5-8bef9729fe94" testId="fe19429f-3275-c1ee-5468-44bf530b1b3c" testName="NewsApi.Tests.Unit.Presentation.NewsControllerTests.GetAllNews_WithBothFilters_ShouldReturnFilteredNews" computerName="BKALAFAT" duration="00:00:00.0029180" startTime="2025-10-21T17:57:36.8516001+03:00" endTime="2025-10-21T17:57:36.8516008+03:00" testType="13cdc9d9-ddb5-4fa4-a97d-d965ccfc6d4b" outcome="Passed" testListId="8c84fa94-04c1-424b-9868-57a2d4851a1d" relativeResultsDirectory="6b64e5cd-830d-41a5-a9d5-8bef9729fe94" />
    <UnitTestResult executionId="b1064990-1cdb-49b1-9c3c-b7c2de35a1f4" testId="69209b97-1e81-706b-d0ed-541c13877bfb" testName="NewsApi.Tests.Unit.Domain.NewsEntityAdvancedTests.News_Comparison_ShouldCompareById" computerName="BKALAFAT" duration="00:00:00.0007980" startTime="2025-10-21T17:57:36.6752825+03:00" endTime="2025-10-21T17:57:36.6752826+03:00" testType="13cdc9d9-ddb5-4fa4-a97d-d965ccfc6d4b" outcome="Passed" testListId="8c84fa94-04c1-424b-9868-57a2d4851a1d" relativeResultsDirectory="b1064990-1cdb-49b1-9c3c-b7c2de35a1f4" />
    <UnitTestResult executionId="97ff25cc-ca22-4cc3-9c0a-a8f468a5d4bc" testId="d0afd41f-4c92-086f-503d-89b5536e800a" testName="NewsApi.Tests.Unit.DTOs.UpdateNewsDtoTests.UpdateNewsDto_WithArrays_ShouldReplaceArrays" computerName="BKALAFAT" duration="00:00:00.0010723" startTime="2025-10-21T17:57:36.6764044+03:00" endTime="2025-10-21T17:57:36.6764044+03:00" testType="13cdc9d9-ddb5-4fa4-a97d-d965ccfc6d4b" outcome="Passed" testListId="8c84fa94-04c1-424b-9868-57a2d4851a1d" relativeResultsDirectory="97ff25cc-ca22-4cc3-9c0a-a8f468a5d4bc" />
    <UnitTestResult executionId="ec82e533-fd7b-4f23-ace2-7d05c3cf1f56" testId="92f0fec5-b650-b351-c552-bb6589aee49e" testName="NewsApi.Tests.Integration.Controllers.NewsControllerIntegrationTests.GetAllNews_AfterCreatingNews_ShouldReturnNews" computerName="BKALAFAT" duration="00:00:00.0094465" startTime="2025-10-21T17:57:38.1162080+03:00" endTime="2025-10-21T17:57:38.1162083+03:00" testType="13cdc9d9-ddb5-4fa4-a97d-d965ccfc6d4b" outcome="Passed" testListId="8c84fa94-04c1-424b-9868-57a2d4851a1d" relativeResultsDirectory="ec82e533-fd7b-4f23-ace2-7d05c3cf1f56" />
    <UnitTestResult executionId="2683afd4-1921-42e5-869f-1f672b9cafd5" testId="9789ae0e-26cb-62f0-361a-ad9c5ca536bf" testName="NewsApi.Tests.Unit.Validators.UpdateNewsDtoValidatorTests.Category_WhenNull_ShouldNotHaveValidationError" computerName="BKALAFAT" duration="00:00:00.0005113" startTime="2025-10-21T17:57:36.7289386+03:00" endTime="2025-10-21T17:57:36.7289388+03:00" testType="13cdc9d9-ddb5-4fa4-a97d-d965ccfc6d4b" outcome="Passed" testListId="8c84fa94-04c1-424b-9868-57a2d4851a1d" relativeResultsDirectory="2683afd4-1921-42e5-869f-1f672b9cafd5" />
    <UnitTestResult executionId="0ae324f4-3d01-4639-9832-f8b31ea7064f" testId="bbb84c92-4544-04ce-75d1-f7bf562157a7" testName="NewsApi.Tests.Unit.DTOs.UpdateNewsDtoTests.UpdateNewsDto_WithOnlyCategory_ShouldLeaveOthersNull" computerName="BKALAFAT" duration="00:00:00.0004087" startTime="2025-10-21T17:57:36.6770276+03:00" endTime="2025-10-21T17:57:36.6770278+03:00" testType="13cdc9d9-ddb5-4fa4-a97d-d965ccfc6d4b" outcome="Passed" testListId="8c84fa94-04c1-424b-9868-57a2d4851a1d" relativeResultsDirectory="0ae324f4-3d01-4639-9832-f8b31ea7064f" />
    <UnitTestResult executionId="bccec8d6-e7fb-4732-873d-afdbd79bcbd1" testId="71c7af4c-5798-2eff-5b30-bd886888a192" testName="NewsApi.Tests.Unit.Performance.NewsServicePerformanceTests.CreateNewsAsync_WithLargeContent_ShouldHandleEfficiently" computerName="BKALAFAT" duration="00:00:00.0042184" startTime="2025-10-21T17:57:36.7620062+03:00" endTime="2025-10-21T17:57:36.7620063+03:00" testType="13cdc9d9-ddb5-4fa4-a97d-d965ccfc6d4b" outcome="Passed" testListId="8c84fa94-04c1-424b-9868-57a2d4851a1d" relativeResultsDirectory="bccec8d6-e7fb-4732-873d-afdbd79bcbd1" />
    <UnitTestResult executionId="6c078b8a-7dc7-46cc-aba7-302a0c19b801" testId="88a9a130-4e97-d860-b347-d2eb03c46e97" testName="NewsApi.Tests.Unit.Application.NewsValidatorTests.Priority_WhenInRange_ShouldNotHaveValidationError(priority: 50)" computerName="BKALAFAT" duration="00:00:00.0012382" startTime="2025-10-21T17:57:36.7121478+03:00" endTime="2025-10-21T17:57:36.7121481+03:00" testType="13cdc9d9-ddb5-4fa4-a97d-d965ccfc6d4b" outcome="Passed" testListId="8c84fa94-04c1-424b-9868-57a2d4851a1d" relativeResultsDirectory="6c078b8a-7dc7-46cc-aba7-302a0c19b801" />
    <UnitTestResult executionId="d94a8d8a-63fc-4516-b1d6-033440d29a11" testId="d46a12a3-001e-3c37-2112-af5b8a840a95" testName="NewsApi.Tests.Unit.Performance.NewsServicePerformanceTests.GetAllNewsAsync_WithCache_ShouldBeFasterThanWithoutCache" computerName="BKALAFAT" duration="00:00:00.0032689" startTime="2025-10-21T17:57:37.2035421+03:00" endTime="2025-10-21T17:57:37.2035423+03:00" testType="13cdc9d9-ddb5-4fa4-a97d-d965ccfc6d4b" outcome="Passed" testListId="8c84fa94-04c1-424b-9868-57a2d4851a1d" relativeResultsDirectory="d94a8d8a-63fc-4516-b1d6-033440d29a11" />
    <UnitTestResult executionId="23043eee-993f-4345-b334-bd5d1ec70382" testId="a90c7048-78c4-d43c-f338-0c0e5fb3bf78" testName="NewsApi.Tests.Unit.Domain.NewsEntityAdvancedTests.News_WithPastExpressDate_ShouldAllowPastDates" computerName="BKALAFAT" duration="00:00:00.0008964" startTime="2025-10-21T17:57:36.6789795+03:00" endTime="2025-10-21T17:57:36.6789795+03:00" testType="13cdc9d9-ddb5-4fa4-a97d-d965ccfc6d4b" outcome="Passed" testListId="8c84fa94-04c1-424b-9868-57a2d4851a1d" relativeResultsDirectory="23043eee-993f-4345-b334-bd5d1ec70382" />
    <UnitTestResult executionId="7289c9da-9175-477e-be39-6484c63c9aea" testId="5624025c-f579-b3b3-d3e3-78d0aae3cd3f" testName="NewsApi.Tests.Unit.Validators.CreateNewsDtoValidatorTests.ImgPath_WhenExceedsMaxLength_ShouldHaveValidationError" computerName="BKALAFAT" duration="00:00:00.0006627" startTime="2025-10-21T17:57:36.7288367+03:00" endTime="2025-10-21T17:57:36.7288367+03:00" testType="13cdc9d9-ddb5-4fa4-a97d-d965ccfc6d4b" outcome="Passed" testListId="8c84fa94-04c1-424b-9868-57a2d4851a1d" relativeResultsDirectory="7289c9da-9175-477e-be39-6484c63c9aea" />
    <UnitTestResult executionId="00b0b4b9-fcc0-428b-8b90-f8212b3b835d" testId="e58cce7f-5421-9f3d-8966-74389461b145" testName="NewsApi.Tests.Unit.Application.NewsServiceTests.GetNewsByIdAsync_WhenCacheMissAndNewsNotExists_ShouldReturnNull" computerName="BKALAFAT" duration="00:00:00.0043992" startTime="2025-10-21T17:57:36.7822993+03:00" endTime="2025-10-21T17:57:36.7822996+03:00" testType="13cdc9d9-ddb5-4fa4-a97d-d965ccfc6d4b" outcome="Passed" testListId="8c84fa94-04c1-424b-9868-57a2d4851a1d" relativeResultsDirectory="00b0b4b9-fcc0-428b-8b90-f8212b3b835d" />
    <UnitTestResult executionId="901be730-45e4-4b36-aafe-7ef3d9c7d788" testId="2ef56a63-8500-bf20-2c9b-70aa1a4122a0" testName="NewsApi.Tests.Unit.Application.NewsValidatorTests.Content_WhenEmpty_ShouldHaveValidationError" computerName="BKALAFAT" duration="00:00:00.0013824" startTime="2025-10-21T17:57:36.7100872+03:00" endTime="2025-10-21T17:57:36.7100874+03:00" testType="13cdc9d9-ddb5-4fa4-a97d-d965ccfc6d4b" outcome="Passed" testListId="8c84fa94-04c1-424b-9868-57a2d4851a1d" relativeResultsDirectory="901be730-45e4-4b36-aafe-7ef3d9c7d788" />
    <UnitTestResult executionId="66e69592-4466-41c7-970b-9aa331fbf272" testId="6ad31269-83f6-725e-2dc3-1ae93912fc1c" testName="NewsApi.Tests.Unit.Validators.CreateNewsDtoValidatorTests.SocialTags_WhenExceedsMaxLength_ShouldHaveValidationError" computerName="BKALAFAT" duration="00:00:00.0009371" startTime="2025-10-21T17:57:36.7093045+03:00" endTime="2025-10-21T17:57:36.7093046+03:00" testType="13cdc9d9-ddb5-4fa4-a97d-d965ccfc6d4b" outcome="Passed" testListId="8c84fa94-04c1-424b-9868-57a2d4851a1d" relativeResultsDirectory="66e69592-4466-41c7-970b-9aa331fbf272" />
    <UnitTestResult executionId="d3909bd8-01fc-4645-82c8-575ec5d225c6" testId="97d69db4-3e59-b4e9-ab60-1aa78f0e3eb4" testName="NewsApi.Tests.Unit.Domain.NewsEntityTests.News_Subjects_ShouldBeEmptyArrayByDefault" computerName="BKALAFAT" duration="00:00:00.0003142" startTime="2025-10-21T17:57:36.6798434+03:00" endTime="2025-10-21T17:57:36.6798435+03:00" testType="13cdc9d9-ddb5-4fa4-a97d-d965ccfc6d4b" outcome="Passed" testListId="8c84fa94-04c1-424b-9868-57a2d4851a1d" relativeResultsDirectory="d3909bd8-01fc-4645-82c8-575ec5d225c6" />
    <UnitTestResult executionId="5487816a-3f2d-4f97-bf0b-32cdccff9c9e" testId="57c6e693-48ad-a110-37e7-1ae739304927" testName="NewsApi.Tests.Unit.Domain.NewsEntityTests.News_ViewCount_ShouldAcceptPositiveValues(viewCount: 0)" computerName="BKALAFAT" duration="00:00:00.0000098" startTime="2025-10-21T17:57:36.6781317+03:00" endTime="2025-10-21T17:57:36.6781318+03:00" testType="13cdc9d9-ddb5-4fa4-a97d-d965ccfc6d4b" outcome="Passed" testListId="8c84fa94-04c1-424b-9868-57a2d4851a1d" relativeResultsDirectory="5487816a-3f2d-4f97-bf0b-32cdccff9c9e" />
    <UnitTestResult executionId="7458c0cf-147b-4140-9fc5-28557b755efa" testId="8a9ec031-4f91-3348-ae0d-26f1d8d8cdbe" testName="NewsApi.Tests.Unit.DTOs.UpdateNewsDtoTests.UpdateNewsDto_WithIsSecondPageNews_ShouldUpdate(value: False)" computerName="BKALAFAT" duration="00:00:00.0354769" startTime="2025-10-21T17:57:36.5902322+03:00" endTime="2025-10-21T17:57:36.5902323+03:00" testType="13cdc9d9-ddb5-4fa4-a97d-d965ccfc6d4b" outcome="Passed" testListId="8c84fa94-04c1-424b-9868-57a2d4851a1d" relativeResultsDirectory="7458c0cf-147b-4140-9fc5-28557b755efa" />
    <UnitTestResult executionId="6035e992-9f99-4a75-a7a0-df71141d2525" testId="7cd0950f-b428-addf-ff5d-d65b9142eb22" testName="NewsApi.Tests.Unit.Application.NewsValidatorTests.ExpressDate_WhenValid_ShouldNotHaveValidationError" computerName="BKALAFAT" duration="00:00:00.0017737" startTime="2025-10-21T17:57:36.7064666+03:00" endTime="2025-10-21T17:57:36.7064668+03:00" testType="13cdc9d9-ddb5-4fa4-a97d-d965ccfc6d4b" outcome="Passed" testListId="8c84fa94-04c1-424b-9868-57a2d4851a1d" relativeResultsDirectory="6035e992-9f99-4a75-a7a0-df71141d2525" />
    <UnitTestResult executionId="e28c78cd-bf36-4a32-b680-624297525c08" testId="a5fe114b-e742-e30f-d163-475715f35eee" testName="NewsApi.Tests.Unit.Domain.NewsEntityTests.News_Priority_ShouldAcceptAnyIntegerValue(priority: 100)" computerName="BKALAFAT" duration="00:00:00.0003074" startTime="2025-10-21T17:57:36.6751751+03:00" endTime="2025-10-21T17:57:36.6751752+03:00" testType="13cdc9d9-ddb5-4fa4-a97d-d965ccfc6d4b" outcome="Passed" testListId="8c84fa94-04c1-424b-9868-57a2d4851a1d" relativeResultsDirectory="e28c78cd-bf36-4a32-b680-624297525c08" />
    <UnitTestResult executionId="652ebe93-e181-4446-b76a-a16e7073bb4e" testId="fa2e2d3c-3248-5836-d8cc-8a1692229c47" testName="NewsApi.Tests.Unit.DTOs.UpdateNewsDtoTests.UpdateNewsDto_WithPriorityChange_ShouldUpdatePriority" computerName="BKALAFAT" duration="00:00:00.0002682" startTime="2025-10-21T17:57:36.6763612+03:00" endTime="2025-10-21T17:57:36.6763613+03:00" testType="13cdc9d9-ddb5-4fa4-a97d-d965ccfc6d4b" outcome="Passed" testListId="8c84fa94-04c1-424b-9868-57a2d4851a1d" relativeResultsDirectory="652ebe93-e181-4446-b76a-a16e7073bb4e" />
    <UnitTestResult executionId="374b90ed-bffa-45e2-8963-158caa17a555" testId="be1660ca-9869-fe69-9435-bf9cd16a11f0" testName="NewsApi.Tests.Integration.Controllers.NewsControllerIntegrationTests.CompleteCRUDWorkflow_ShouldWork" computerName="BKALAFAT" duration="00:00:00.0092707" startTime="2025-10-21T17:57:38.1460849+03:00" endTime="2025-10-21T17:57:38.1460851+03:00" testType="13cdc9d9-ddb5-4fa4-a97d-d965ccfc6d4b" outcome="Failed" testListId="8c84fa94-04c1-424b-9868-57a2d4851a1d" relativeResultsDirectory="374b90ed-bffa-45e2-8963-158caa17a555">
      <Output>
        <ErrorInfo>
          <Message>Expected retrievedNews!.Caption to be the same string, but they differ at index 0:&#xD;
   ↓ (actual)&#xD;
  "Valid Technology…"&#xD;
  "Original Caption"&#xD;
   ↑ (expected).</Message>
          <StackTrace>   at FluentAssertions.Execution.LateBoundTestFramework.Throw(String message)&#xD;
   at FluentAssertions.Execution.DefaultAssertionStrategy.HandleFailure(String message)&#xD;
   at FluentAssertions.Execution.AssertionScope.AddPreFormattedFailure(String formattedFailureMessage)&#xD;
   at FluentAssertions.Execution.AssertionChain.FailWith(Func`1 getFailureReason)&#xD;
   at FluentAssertions.Execution.AssertionChain.FailWith(Func`1 getFailureReason)&#xD;
   at FluentAssertions.Execution.AssertionChain.FailWith(String message)&#xD;
   at FluentAssertions.Primitives.StringEqualityStrategy.AssertForEquality(AssertionChain assertionChain, String subject, String expected)&#xD;
   at FluentAssertions.Primitives.StringValidator.Validate(String subject, String expected)&#xD;
   at FluentAssertions.Primitives.StringAssertions`1.Be(String expected, String because, Object[] becauseArgs)&#xD;
   at NewsApi.Tests.Integration.Controllers.NewsControllerIntegrationTests.CompleteCRUDWorkflow_ShouldWork() in c:\dev\news-api\NewsApi.Tests\Integration\Controllers\NewsControllerIntegrationTests.cs:line 259&#xD;
--- End of stack trace from previous location ---</StackTrace>
        </ErrorInfo>
      </Output>
    </UnitTestResult>
    <UnitTestResult executionId="571f5fb9-4249-4932-91d7-dc05bcdad6ea" testId="755e014a-a20f-0e91-6606-0b4338783f97" testName="NewsApi.Tests.Unit.Validators.CreateNewsDtoValidatorTests.ExpressDate_WhenValid_ShouldNotHaveValidationError" computerName="BKALAFAT" duration="00:00:00.0005176" startTime="2025-10-21T17:57:36.7307826+03:00" endTime="2025-10-21T17:57:36.7307827+03:00" testType="13cdc9d9-ddb5-4fa4-a97d-d965ccfc6d4b" outcome="Passed" testListId="8c84fa94-04c1-424b-9868-57a2d4851a1d" relativeResultsDirectory="571f5fb9-4249-4932-91d7-dc05bcdad6ea" />
    <UnitTestResult executionId="3e8e9e68-9e32-4fd4-b5d8-bf5c6d5084cb" testId="1abcd6e6-5375-87b5-0008-ca7bf309c732" testName="NewsApi.Tests.Unit.Performance.NewsServicePerformanceTests.UpdateNewsAsync_CacheInvalidation_ShouldBeEfficient" computerName="BKALAFAT" duration="00:00:00.0008517" startTime="2025-10-21T17:57:37.1950486+03:00" endTime="2025-10-21T17:57:37.1950488+03:00" testType="13cdc9d9-ddb5-4fa4-a97d-d965ccfc6d4b" outcome="Passed" testListId="8c84fa94-04c1-424b-9868-57a2d4851a1d" relativeResultsDirectory="3e8e9e68-9e32-4fd4-b5d8-bf5c6d5084cb" />
    <UnitTestResult executionId="abaf2e37-ac7b-4039-81b0-b0ede924df19" testId="5e0a2956-1f06-984e-a152-b90887293047" testName="NewsApi.Tests.Unit.Application.NewsServiceTests.GetAllNewsAsync_WhenCacheMiss_ShouldFetchFromRepositoryAndCache" computerName="BKALAFAT" duration="00:00:00.0020726" startTime="2025-10-21T17:57:36.7726914+03:00" endTime="2025-10-21T17:57:36.7726915+03:00" testType="13cdc9d9-ddb5-4fa4-a97d-d965ccfc6d4b" outcome="Passed" testListId="8c84fa94-04c1-424b-9868-57a2d4851a1d" relativeResultsDirectory="abaf2e37-ac7b-4039-81b0-b0ede924df19" />
    <UnitTestResult executionId="3827dbf9-5b26-457b-9e92-7fbab9b46d83" testId="a41c6222-6d52-2484-5afd-e4c59c06d79c" testName="NewsApi.Tests.Unit.Validators.UpdateNewsDtoValidatorTests.Category_WhenValidLength_ShouldNotHaveValidationError" computerName="BKALAFAT" duration="00:00:00.0004798" startTime="2025-10-21T17:57:36.7294853+03:00" endTime="2025-10-21T17:57:36.7294854+03:00" testType="13cdc9d9-ddb5-4fa4-a97d-d965ccfc6d4b" outcome="Passed" testListId="8c84fa94-04c1-424b-9868-57a2d4851a1d" relativeResultsDirectory="3827dbf9-5b26-457b-9e92-7fbab9b46d83" />
    <UnitTestResult executionId="728c5f9a-fa23-404d-ab5b-cd4068b6bd5b" testId="a2ba77db-af4a-d59e-0562-9324a5d1f08b" testName="NewsApi.Tests.Unit.DTOs.UpdateNewsDtoTests.UpdateNewsDto_WithIsActiveChange_ShouldUpdateStatus" computerName="BKALAFAT" duration="00:00:00.0003125" startTime="2025-10-21T17:57:36.6772572+03:00" endTime="2025-10-21T17:57:36.6772573+03:00" testType="13cdc9d9-ddb5-4fa4-a97d-d965ccfc6d4b" outcome="Passed" testListId="8c84fa94-04c1-424b-9868-57a2d4851a1d" relativeResultsDirectory="728c5f9a-fa23-404d-ab5b-cd4068b6bd5b" />
    <UnitTestResult executionId="0303e293-6ea4-4545-b05d-fcfdb436ff89" testId="22a4bc63-5945-13d5-aa57-dd4d11ad3e12" testName="NewsApi.Tests.Unit.Domain.NewsEntityTests.News_Type_ShouldAcceptValidTypes(type: &quot;Feature&quot;)" computerName="BKALAFAT" duration="00:00:00.0000209" startTime="2025-10-21T17:57:36.6712468+03:00" endTime="2025-10-21T17:57:36.6712470+03:00" testType="13cdc9d9-ddb5-4fa4-a97d-d965ccfc6d4b" outcome="Passed" testListId="8c84fa94-04c1-424b-9868-57a2d4851a1d" relativeResultsDirectory="0303e293-6ea4-4545-b05d-fcfdb436ff89" />
    <UnitTestResult executionId="96250de7-dd56-4a1b-9424-fc379c972799" testId="b52620c4-0e5d-5354-5550-ed4809132886" testName="NewsApi.Tests.Unit.Domain.NewsEntityAdvancedTests.News_WithCategorySpecificUrl_ShouldFollowPattern(category: &quot;Technology&quot;, urlPattern: &quot;tech-news&quot;)" computerName="BKALAFAT" duration="00:00:00.0101590" startTime="2025-10-21T17:57:36.6732332+03:00" endTime="2025-10-21T17:57:36.6732332+03:00" testType="13cdc9d9-ddb5-4fa4-a97d-d965ccfc6d4b" outcome="Passed" testListId="8c84fa94-04c1-424b-9868-57a2d4851a1d" relativeResultsDirectory="96250de7-dd56-4a1b-9424-fc379c972799" />
    <UnitTestResult executionId="a09c38c5-da1e-4573-9b8e-bb27fd90e0a7" testId="156b1007-6d8b-6ef7-74e5-c8502199675c" testName="NewsApi.Tests.Unit.Application.NewsValidatorTests.Caption_WhenTooLong_ShouldHaveValidationError" computerName="BKALAFAT" duration="00:00:00.0006149" startTime="2025-10-21T17:57:36.7164008+03:00" endTime="2025-10-21T17:57:36.7164008+03:00" testType="13cdc9d9-ddb5-4fa4-a97d-d965ccfc6d4b" outcome="Passed" testListId="8c84fa94-04c1-424b-9868-57a2d4851a1d" relativeResultsDirectory="a09c38c5-da1e-4573-9b8e-bb27fd90e0a7" />
    <UnitTestResult executionId="da30fba6-5ac8-46c5-9882-4f23e7dcaa72" testId="2a543616-5be7-0b4b-bf0b-4790199f8a56" testName="NewsApi.Tests.Unit.Application.NewsValidatorTests.Type_WhenTooLong_ShouldHaveValidationError" computerName="BKALAFAT" duration="00:00:00.0013515" startTime="2025-10-21T17:57:36.7079241+03:00" endTime="2025-10-21T17:57:36.7079243+03:00" testType="13cdc9d9-ddb5-4fa4-a97d-d965ccfc6d4b" outcome="Passed" testListId="8c84fa94-04c1-424b-9868-57a2d4851a1d" relativeResultsDirectory="da30fba6-5ac8-46c5-9882-4f23e7dcaa72" />
    <UnitTestResult executionId="011f6400-2f7b-4fcc-a3ba-8792deb7b896" testId="7ef1f196-d363-9f25-a00a-1d6f6f08de82" testName="NewsApi.Tests.Unit.Validators.UpdateNewsDtoValidatorTests.AllFieldsNull_ShouldNotHaveValidationErrors" computerName="BKALAFAT" duration="00:00:00.0006204" startTime="2025-10-21T17:57:36.7053769+03:00" endTime="2025-10-21T17:57:36.7053770+03:00" testType="13cdc9d9-ddb5-4fa4-a97d-d965ccfc6d4b" outcome="Passed" testListId="8c84fa94-04c1-424b-9868-57a2d4851a1d" relativeResultsDirectory="011f6400-2f7b-4fcc-a3ba-8792deb7b896" />
    <UnitTestResult executionId="0ba0f4af-ccab-4f3e-8c78-3312b5c953dc" testId="a74a843b-da53-c4c8-336c-d7f1734e2482" testName="NewsApi.Tests.Unit.Validators.CreateNewsDtoValidatorTests.Keywords_WhenNull_ShouldNotHaveValidationError" computerName="BKALAFAT" duration="00:00:00.0006704" startTime="2025-10-21T17:57:36.7644621+03:00" endTime="2025-10-21T17:57:36.7644621+03:00" testType="13cdc9d9-ddb5-4fa4-a97d-d965ccfc6d4b" outcome="Passed" testListId="8c84fa94-04c1-424b-9868-57a2d4851a1d" relativeResultsDirectory="0ba0f4af-ccab-4f3e-8c78-3312b5c953dc" />
    <UnitTestResult executionId="1cec0b87-e697-45fa-b21f-409ece71e764" testId="b0a77202-d9d0-05fc-f14c-5040d699eb84" testName="NewsApi.Tests.Unit.Presentation.NewsControllerTests.GetNewsById_WhenServiceThrows_ShouldReturn500" computerName="BKALAFAT" duration="00:00:00.0208561" startTime="2025-10-21T17:57:36.7458208+03:00" endTime="2025-10-21T17:57:36.7458208+03:00" testType="13cdc9d9-ddb5-4fa4-a97d-d965ccfc6d4b" outcome="Passed" testListId="8c84fa94-04c1-424b-9868-57a2d4851a1d" relativeResultsDirectory="1cec0b87-e697-45fa-b21f-409ece71e764" />
    <UnitTestResult executionId="71936069-0005-40e2-b013-3ec7a89287d2" testId="3ec2c9f4-e62d-b463-8213-d108d8bb0aff" testName="NewsApi.Tests.Unit.Application.NewsValidatorTests.ImgAlt_WhenTooLong_ShouldHaveValidationError" computerName="BKALAFAT" duration="00:00:00.0085500" startTime="2025-10-21T17:57:36.7266738+03:00" endTime="2025-10-21T17:57:36.7266739+03:00" testType="13cdc9d9-ddb5-4fa4-a97d-d965ccfc6d4b" outcome="Passed" testListId="8c84fa94-04c1-424b-9868-57a2d4851a1d" relativeResultsDirectory="71936069-0005-40e2-b013-3ec7a89287d2" />
    <UnitTestResult executionId="6fb30c0e-70a6-4fbe-8f49-c8edd93cc8e2" testId="2a2196ae-6fac-133c-11b4-296a7badaf8a" testName="NewsApi.Tests.Unit.Application.NewsValidatorTests.Priority_WhenOutOfRange_ShouldHaveValidationError(priority: 0)" computerName="BKALAFAT" duration="00:00:00.0005823" startTime="2025-10-21T17:57:36.7306600+03:00" endTime="2025-10-21T17:57:36.7306601+03:00" testType="13cdc9d9-ddb5-4fa4-a97d-d965ccfc6d4b" outcome="Passed" testListId="8c84fa94-04c1-424b-9868-57a2d4851a1d" relativeResultsDirectory="6fb30c0e-70a6-4fbe-8f49-c8edd93cc8e2" />
    <UnitTestResult executionId="57a0a547-e314-4a21-96dc-dbd7d4bec546" testId="ec4db1cd-dbbf-096a-0295-dd8af2a72eca" testName="NewsApi.Tests.Unit.Presentation.NewsControllerTests.GetNewsByUrl_WithInvalidUrl_ShouldReturn404" computerName="BKALAFAT" duration="00:00:00.0022082" startTime="2025-10-21T17:57:36.8077590+03:00" endTime="2025-10-21T17:57:36.8077594+03:00" testType="13cdc9d9-ddb5-4fa4-a97d-d965ccfc6d4b" outcome="Passed" testListId="8c84fa94-04c1-424b-9868-57a2d4851a1d" relativeResultsDirectory="57a0a547-e314-4a21-96dc-dbd7d4bec546" />
    <UnitTestResult executionId="b65849ff-5db1-4d7a-8a54-fe21d408bde3" testId="86c366c7-b63e-5902-da52-f48622a6b463" testName="NewsApi.Tests.Unit.Performance.NewsServicePerformanceTests.NewsService_MemoryUsage_ShouldNotGrowExcessively" computerName="BKALAFAT" duration="00:00:00.0420759" startTime="2025-10-21T17:57:36.7580470+03:00" endTime="2025-10-21T17:57:36.7580472+03:00" testType="13cdc9d9-ddb5-4fa4-a97d-d965ccfc6d4b" outcome="Passed" testListId="8c84fa94-04c1-424b-9868-57a2d4851a1d" relativeResultsDirectory="b65849ff-5db1-4d7a-8a54-fe21d408bde3" />
    <UnitTestResult executionId="8134717a-c198-4449-8462-5668c5aa9713" testId="f8f6213b-f6e1-9047-3c24-bb117922e267" testName="NewsApi.Tests.Unit.Presentation.NewsControllerTests.DeleteNews_WhenServiceThrows_ShouldReturn500" computerName="BKALAFAT" duration="00:00:00.0035410" startTime="2025-10-21T17:57:36.7912401+03:00" endTime="2025-10-21T17:57:36.7912403+03:00" testType="13cdc9d9-ddb5-4fa4-a97d-d965ccfc6d4b" outcome="Passed" testListId="8c84fa94-04c1-424b-9868-57a2d4851a1d" relativeResultsDirectory="8134717a-c198-4449-8462-5668c5aa9713" />
    <UnitTestResult executionId="d8d828cd-6ece-47e1-9e65-0aba13dfc430" testId="99aa2c7d-5018-5aa1-0ec1-29cffc89d0ec" testName="NewsApi.Tests.Unit.DTOs.UpdateNewsDtoTests.UpdateNewsDto_WithExpressDateChange_ShouldUpdateDate" computerName="BKALAFAT" duration="00:00:00.0033623" startTime="2025-10-21T17:57:36.6731139+03:00" endTime="2025-10-21T17:57:36.6731140+03:00" testType="13cdc9d9-ddb5-4fa4-a97d-d965ccfc6d4b" outcome="Passed" testListId="8c84fa94-04c1-424b-9868-57a2d4851a1d" relativeResultsDirectory="d8d828cd-6ece-47e1-9e65-0aba13dfc430" />
    <UnitTestResult executionId="ffdd2c66-be87-442a-b0b1-4f9996a438e5" testId="b4217fff-0daf-ced4-3163-c15b4f655933" testName="NewsApi.Tests.Unit.Validators.CreateNewsDtoValidatorTests.Summary_WhenEmpty_ShouldHaveValidationError" computerName="BKALAFAT" duration="00:00:00.0014161" startTime="2025-10-21T17:57:36.7271248+03:00" endTime="2025-10-21T17:57:36.7271253+03:00" testType="13cdc9d9-ddb5-4fa4-a97d-d965ccfc6d4b" outcome="Passed" testListId="8c84fa94-04c1-424b-9868-57a2d4851a1d" relativeResultsDirectory="ffdd2c66-be87-442a-b0b1-4f9996a438e5" />
    <UnitTestResult executionId="67e2e01e-5086-41ac-9017-71943458dab6" testId="c41b33a5-1989-2f4a-b363-89ecbf94e36d" testName="NewsApi.Tests.Unit.Domain.NewsEntityAdvancedTests.News_WithLongContent_ShouldAcceptLargeContent" computerName="BKALAFAT" duration="00:00:00.0014737" startTime="2025-10-21T17:57:36.6764361+03:00" endTime="2025-10-21T17:57:36.6764362+03:00" testType="13cdc9d9-ddb5-4fa4-a97d-d965ccfc6d4b" outcome="Passed" testListId="8c84fa94-04c1-424b-9868-57a2d4851a1d" relativeResultsDirectory="67e2e01e-5086-41ac-9017-71943458dab6" />
    <UnitTestResult executionId="74a29587-67e4-477d-8a44-263187897855" testId="7a8b82b4-8b59-c418-f033-0a2ffa5537d7" testName="NewsApi.Tests.Unit.Domain.NewsEntityTests.News_Category_ShouldAcceptVariousLengths(category: &quot;Short&quot;)" computerName="BKALAFAT" duration="00:00:00.0003370" startTime="2025-10-21T17:57:36.6778774+03:00" endTime="2025-10-21T17:57:36.6778775+03:00" testType="13cdc9d9-ddb5-4fa4-a97d-d965ccfc6d4b" outcome="Passed" testListId="8c84fa94-04c1-424b-9868-57a2d4851a1d" relativeResultsDirectory="74a29587-67e4-477d-8a44-263187897855" />
    <UnitTestResult executionId="31d6e7bc-ae4f-47f8-bbd9-957ec1f20d3f" testId="49788d04-52c7-da6f-d494-00c9c9b0ec59" testName="NewsApi.Tests.Unit.Validators.CreateNewsDtoValidatorTests.Caption_WhenValid_ShouldNotHaveValidationError" computerName="BKALAFAT" duration="00:00:00.0041247" startTime="2025-10-21T17:57:36.7457486+03:00" endTime="2025-10-21T17:57:36.7457486+03:00" testType="13cdc9d9-ddb5-4fa4-a97d-d965ccfc6d4b" outcome="Passed" testListId="8c84fa94-04c1-424b-9868-57a2d4851a1d" relativeResultsDirectory="31d6e7bc-ae4f-47f8-bbd9-957ec1f20d3f" />
    <UnitTestResult executionId="61342ebe-774e-40f1-9a10-e260ed3e57c2" testId="3db7a8f7-5bf6-392c-4387-23f741900a86" testName="NewsApi.Tests.Unit.Validators.CreateNewsDtoValidatorTests.InvalidDto_WithMultipleErrors_ShouldHaveMultipleValidationErrors" computerName="BKALAFAT" duration="00:00:00.0011588" startTime="2025-10-21T17:57:36.7636918+03:00" endTime="2025-10-21T17:57:36.7636920+03:00" testType="13cdc9d9-ddb5-4fa4-a97d-d965ccfc6d4b" outcome="Passed" testListId="8c84fa94-04c1-424b-9868-57a2d4851a1d" relativeResultsDirectory="61342ebe-774e-40f1-9a10-e260ed3e57c2" />
    <UnitTestResult executionId="930f7f9c-fde4-455e-9e9c-ffc690372975" testId="b51e5114-e4df-b2d5-d7d9-6eeef74061a4" testName="NewsApi.Tests.Unit.DTOs.CreateNewsDtoTests.CreateNewsDto_WithValidPriority_ShouldBeAccepted(priority: 100)" computerName="BKALAFAT" duration="00:00:00.0036134" startTime="2025-10-21T17:57:36.6713713+03:00" endTime="2025-10-21T17:57:36.6713714+03:00" testType="13cdc9d9-ddb5-4fa4-a97d-d965ccfc6d4b" outcome="Passed" testListId="8c84fa94-04c1-424b-9868-57a2d4851a1d" relativeResultsDirectory="930f7f9c-fde4-455e-9e9c-ffc690372975" />
    <UnitTestResult executionId="c03e5ed7-f283-4362-bfe5-ea81cb5d5f27" testId="7024f6c7-4de9-b697-be02-95f139923882" testName="NewsApi.Tests.Unit.Validators.CreateNewsDtoValidatorTests.Priority_WhenOutOfRange_ShouldHaveValidationError(priority: -1)" computerName="BKALAFAT" duration="00:00:00.0007483" startTime="2025-10-21T17:57:36.7139392+03:00" endTime="2025-10-21T17:57:36.7139424+03:00" testType="13cdc9d9-ddb5-4fa4-a97d-d965ccfc6d4b" outcome="Passed" testListId="8c84fa94-04c1-424b-9868-57a2d4851a1d" relativeResultsDirectory="c03e5ed7-f283-4362-bfe5-ea81cb5d5f27" />
    <UnitTestResult executionId="0f387c1c-2a34-4d17-a5a2-599f132bbe42" testId="e5374bcd-828c-68b1-5d11-c2e52592c275" testName="NewsApi.Tests.Unit.DTOs.UpdateNewsDtoTests.UpdateNewsDto_WithNullValues_ShouldAllowNulls" computerName="BKALAFAT" duration="00:00:00.0007021" startTime="2025-10-21T17:57:36.6771763+03:00" endTime="2025-10-21T17:57:36.6771764+03:00" testType="13cdc9d9-ddb5-4fa4-a97d-d965ccfc6d4b" outcome="Passed" testListId="8c84fa94-04c1-424b-9868-57a2d4851a1d" relativeResultsDirectory="0f387c1c-2a34-4d17-a5a2-599f132bbe42" />
    <UnitTestResult executionId="24308b86-5443-43bb-af63-f06b8ed94377" testId="8d4dbd88-08c5-d92d-1796-20b3ad1f8eff" testName="NewsApi.Tests.Unit.Application.NewsValidatorTests.Url_WhenTooLong_ShouldHaveValidationError" computerName="BKALAFAT" duration="00:00:00.0008589" startTime="2025-10-21T17:57:36.7157252+03:00" endTime="2025-10-21T17:57:36.7157253+03:00" testType="13cdc9d9-ddb5-4fa4-a97d-d965ccfc6d4b" outcome="Passed" testListId="8c84fa94-04c1-424b-9868-57a2d4851a1d" relativeResultsDirectory="24308b86-5443-43bb-af63-f06b8ed94377" />
    <UnitTestResult executionId="1c1eee5b-504f-49f2-b754-f101de9b7f1c" testId="139d713d-bd74-c999-c19b-9a6bbb475917" testName="NewsApi.Tests.Unit.Presentation.NewsControllerTests.UpdateNews_WithValidData_ShouldReturnNoContent" computerName="BKALAFAT" duration="00:00:00.0035887" startTime="2025-10-21T17:57:36.8121716+03:00" endTime="2025-10-21T17:57:36.8121719+03:00" testType="13cdc9d9-ddb5-4fa4-a97d-d965ccfc6d4b" outcome="Passed" testListId="8c84fa94-04c1-424b-9868-57a2d4851a1d" relativeResultsDirectory="1c1eee5b-504f-49f2-b754-f101de9b7f1c" />
    <UnitTestResult executionId="3912eb90-a4d1-44c0-b51c-fd5a38a2e9b3" testId="d3d6d118-a4a9-2d1c-86dc-75ecf445c850" testName="NewsApi.Tests.Integration.Controllers.NewsControllerIntegrationTests.GetNewsById_WithInvalidId_ShouldReturn404" computerName="BKALAFAT" duration="00:00:00.0026636" startTime="2025-10-21T17:57:38.1341095+03:00" endTime="2025-10-21T17:57:38.1341098+03:00" testType="13cdc9d9-ddb5-4fa4-a97d-d965ccfc6d4b" outcome="Failed" testListId="8c84fa94-04c1-424b-9868-57a2d4851a1d" relativeResultsDirectory="3912eb90-a4d1-44c0-b51c-fd5a38a2e9b3">
      <Output>
        <ErrorInfo>
          <Message>Expected response.StatusCode to be HttpStatusCode.NotFound {value: 404}, but found HttpStatusCode.InternalServerError {value: 500}.</Message>
          <StackTrace>   at FluentAssertions.Execution.LateBoundTestFramework.Throw(String message)&#xD;
   at FluentAssertions.Execution.DefaultAssertionStrategy.HandleFailure(String message)&#xD;
   at FluentAssertions.Execution.AssertionScope.AddPreFormattedFailure(String formattedFailureMessage)&#xD;
   at FluentAssertions.Execution.AssertionChain.FailWith(Func`1 getFailureReason)&#xD;
   at FluentAssertions.Execution.AssertionChain.FailWith(Func`1 getFailureReason)&#xD;
   at FluentAssertions.Execution.AssertionChain.FailWith(String message, Object[] args)&#xD;
   at FluentAssertions.Primitives.EnumAssertions`2.Be(TEnum expected, String because, Object[] becauseArgs)&#xD;
   at NewsApi.Tests.Integration.Controllers.NewsControllerIntegrationTests.GetNewsById_WithInvalidId_ShouldReturn404() in c:\dev\news-api\NewsApi.Tests\Integration\Controllers\NewsControllerIntegrationTests.cs:line 107&#xD;
--- End of stack trace from previous location ---</StackTrace>
        </ErrorInfo>
      </Output>
    </UnitTestResult>
    <UnitTestResult executionId="0e0f90b6-8b0f-4a92-ad78-36bf40094479" testId="833af326-71af-7b2c-c5e9-d4f41d48f4aa" testName="NewsApi.Tests.Unit.Domain.NewsEntityAdvancedTests.News_WithEmptyArrays_ShouldInitializeToEmpty" computerName="BKALAFAT" duration="00:00:00.0013195" startTime="2025-10-21T17:57:36.6763057+03:00" endTime="2025-10-21T17:57:36.6763057+03:00" testType="13cdc9d9-ddb5-4fa4-a97d-d965ccfc6d4b" outcome="Passed" testListId="8c84fa94-04c1-424b-9868-57a2d4851a1d" relativeResultsDirectory="0e0f90b6-8b0f-4a92-ad78-36bf40094479" />
    <UnitTestResult executionId="c49ac6a5-ec08-47eb-acc7-0baded67bd29" testId="c7075d41-f633-3e87-0092-43f0714d7a7e" testName="NewsApi.Tests.Integration.Controllers.NewsControllerIntegrationTests.GetAllNews_WhenNoNewsExists_ShouldReturnEmptyList" computerName="BKALAFAT" duration="00:00:00.0315842" startTime="2025-10-21T17:57:38.0806172+03:00" endTime="2025-10-21T17:57:38.0806175+03:00" testType="13cdc9d9-ddb5-4fa4-a97d-d965ccfc6d4b" outcome="Failed" testListId="8c84fa94-04c1-424b-9868-57a2d4851a1d" relativeResultsDirectory="c49ac6a5-ec08-47eb-acc7-0baded67bd29">
      <Output>
        <ErrorInfo>
          <Message>Expected news to be empty, but found at least one item {&#xD;
    NewsApi.Domain.Entities.News&#xD;
    {&#xD;
        Authors = {"Test Author"},&#xD;
        Caption = "Valid Technology News",&#xD;
        Category = "Technology",&#xD;
        Content = "This is a comprehensive technology article with valid content",&#xD;
        CreateDate = &lt;2025-10-21 14:57:37.950&gt;,&#xD;
        ExpressDate = &lt;2025-10-21 14:57:37.949&gt;,&#xD;
        Id = "68f79f61c84b66ed5c457c0b",&#xD;
        ImgAlt = "Default test image",&#xD;
        ImgPath = "/images/default-test.jpg",&#xD;
        IsActive = True,&#xD;
        IsSecondPageNews = False,&#xD;
        Keywords = "test, default",&#xD;
        Priority = 1,&#xD;
        SocialTags = "#test #default",&#xD;
        Subjects = {"Testing"},&#xD;
        Summary = "A valid technology news article for testing",&#xD;
        Type = "Article",&#xD;
        UpdateDate = &lt;2025-10-21 14:57:37.950&gt;,&#xD;
        Url = "default-test-news",&#xD;
        ViewCount = 0&#xD;
    }&#xD;
}.</Message>
          <StackTrace>   at FluentAssertions.Execution.LateBoundTestFramework.Throw(String message)&#xD;
   at FluentAssertions.Execution.DefaultAssertionStrategy.HandleFailure(String message)&#xD;
   at FluentAssertions.Execution.AssertionScope.AddPreFormattedFailure(String formattedFailureMessage)&#xD;
   at FluentAssertions.Execution.AssertionChain.FailWith(Func`1 getFailureReason)&#xD;
   at FluentAssertions.Execution.AssertionChain.FailWith(Func`1 getFailureReason)&#xD;
   at FluentAssertions.Execution.AssertionChain.FailWith(String message, Object[] args)&#xD;
   at FluentAssertions.Execution.GivenSelector`1.FailWith(String message, Object[] args)&#xD;
   at FluentAssertions.Collections.GenericCollectionAssertions`3.&lt;&gt;c__DisplayClass10_0.&lt;BeEmpty&gt;b__0(AssertionChain chain)&#xD;
   at FluentAssertions.Execution.AssertionChain.WithExpectation(String message, Action`1 chain, Object[] args)&#xD;
   at FluentAssertions.Execution.AssertionChain.WithExpectation(String message, Action`1 chain)&#xD;
   at FluentAssertions.Collections.GenericCollectionAssertions`3.BeEmpty(String because, Object[] becauseArgs)&#xD;
   at NewsApi.Tests.Integration.Controllers.NewsControllerIntegrationTests.GetAllNews_WhenNoNewsExists_ShouldReturnEmptyList() in c:\dev\news-api\NewsApi.Tests\Integration\Controllers\NewsControllerIntegrationTests.cs:line 38&#xD;
--- End of stack trace from previous location ---</StackTrace>
        </ErrorInfo>
      </Output>
    </UnitTestResult>
    <UnitTestResult executionId="3804f99a-0cd4-4ba3-9353-25262ceb568e" testId="fb6dab3f-0ff6-60ef-838f-e84127022290" testName="NewsApi.Tests.Unit.Validators.CreateNewsDtoValidatorTests.Content_WhenEmpty_ShouldHaveValidationError" computerName="BKALAFAT" duration="00:00:00.0074745" startTime="2025-10-21T17:57:36.7528210+03:00" endTime="2025-10-21T17:57:36.7528213+03:00" testType="13cdc9d9-ddb5-4fa4-a97d-d965ccfc6d4b" outcome="Passed" testListId="8c84fa94-04c1-424b-9868-57a2d4851a1d" relativeResultsDirectory="3804f99a-0cd4-4ba3-9353-25262ceb568e" />
    <UnitTestResult executionId="f96a993d-d063-40e3-80ee-5ae71d0e41ea" testId="533e9264-f8a0-68cf-d7ea-b93c395c56b2" testName="NewsApi.Tests.Unit.DTOs.CreateNewsDtoTests.CreateNewsDto_WithAllProperties_ShouldMapToNewsEntity" computerName="BKALAFAT" duration="00:00:00.0608614" startTime="2025-10-21T17:57:36.6797477+03:00" endTime="2025-10-21T17:57:36.6797477+03:00" testType="13cdc9d9-ddb5-4fa4-a97d-d965ccfc6d4b" outcome="Passed" testListId="8c84fa94-04c1-424b-9868-57a2d4851a1d" relativeResultsDirectory="f96a993d-d063-40e3-80ee-5ae71d0e41ea" />
    <UnitTestResult executionId="4d5fe60a-3c6c-4b40-b99d-cd53cac4b99d" testId="5d9a4a14-d8a1-378b-ad5b-2aca52ff1d8c" testName="NewsApi.Tests.Integration.Controllers.NewsControllerIntegrationTests.DeleteNews_WithoutAuthentication_ShouldReturn401" computerName="BKALAFAT" duration="00:00:00.0019795" startTime="2025-10-21T17:57:38.1356670+03:00" endTime="2025-10-21T17:57:38.1356674+03:00" testType="13cdc9d9-ddb5-4fa4-a97d-d965ccfc6d4b" outcome="Passed" testListId="8c84fa94-04c1-424b-9868-57a2d4851a1d" relativeResultsDirectory="4d5fe60a-3c6c-4b40-b99d-cd53cac4b99d" />
    <UnitTestResult executionId="60fe7de6-9267-4a27-847e-38ef471749a2" testId="df0b879c-286d-a036-3a33-9a0b9f60c68a" testName="NewsApi.Tests.Unit.Domain.NewsEntityAdvancedTests.News_WithUrlSlug_ShouldFollowUrlConventions" computerName="BKALAFAT" duration="00:00:00.0014466" startTime="2025-10-21T17:57:36.6788325+03:00" endTime="2025-10-21T17:57:36.6788326+03:00" testType="13cdc9d9-ddb5-4fa4-a97d-d965ccfc6d4b" outcome="Passed" testListId="8c84fa94-04c1-424b-9868-57a2d4851a1d" relativeResultsDirectory="60fe7de6-9267-4a27-847e-38ef471749a2" />
    <UnitTestResult executionId="dacc0b37-1282-4eb4-a801-267f826cb857" testId="b4d037ed-bd7c-d129-968d-ad8335ce96c9" testName="NewsApi.Tests.Unit.Application.NewsValidatorTests.Summary_WhenTooLong_ShouldHaveValidationError" computerName="BKALAFAT" duration="00:00:00.0006705" startTime="2025-10-21T17:57:36.7544984+03:00" endTime="2025-10-21T17:57:36.7560458+03:00" testType="13cdc9d9-ddb5-4fa4-a97d-d965ccfc6d4b" outcome="Passed" testListId="8c84fa94-04c1-424b-9868-57a2d4851a1d" relativeResultsDirectory="dacc0b37-1282-4eb4-a801-267f826cb857" />
    <UnitTestResult executionId="f304bd74-bafe-4022-947d-475ea72d223d" testId="b99f73d3-073a-cf26-02b5-ec5e472af602" testName="NewsApi.Tests.Unit.Application.NewsValidatorTests.ValidDto_ShouldNotHaveAnyValidationErrors" computerName="BKALAFAT" duration="00:00:00.0006048" startTime="2025-10-21T17:57:36.7086171+03:00" endTime="2025-10-21T17:57:36.7086173+03:00" testType="13cdc9d9-ddb5-4fa4-a97d-d965ccfc6d4b" outcome="Passed" testListId="8c84fa94-04c1-424b-9868-57a2d4851a1d" relativeResultsDirectory="f304bd74-bafe-4022-947d-475ea72d223d" />
    <UnitTestResult executionId="5f8f51fd-ee86-458c-afd4-c9811534f222" testId="776e0cae-92c1-e8fa-53d2-352c9a30acad" testName="NewsApi.Tests.Unit.Domain.NewsEntityAdvancedTests.News_AsInactive_ShouldSetIsActiveFalse" computerName="BKALAFAT" duration="00:00:00.0003942" startTime="2025-10-21T17:57:36.6791155+03:00" endTime="2025-10-21T17:57:36.6791156+03:00" testType="13cdc9d9-ddb5-4fa4-a97d-d965ccfc6d4b" outcome="Passed" testListId="8c84fa94-04c1-424b-9868-57a2d4851a1d" relativeResultsDirectory="5f8f51fd-ee86-458c-afd4-c9811534f222" />
    <UnitTestResult executionId="606a5a32-4358-4508-9ab8-5be20aa10103" testId="b8628c58-b8fa-2ae9-c108-13fd9b65acc2" testName="NewsApi.Tests.Unit.Validators.CreateNewsDtoValidatorTests.Priority_WhenOutOfRange_ShouldHaveValidationError(priority: 1000)" computerName="BKALAFAT" duration="00:00:00.0003827" startTime="2025-10-21T17:57:36.7148428+03:00" endTime="2025-10-21T17:57:36.7148428+03:00" testType="13cdc9d9-ddb5-4fa4-a97d-d965ccfc6d4b" outcome="Passed" testListId="8c84fa94-04c1-424b-9868-57a2d4851a1d" relativeResultsDirectory="606a5a32-4358-4508-9ab8-5be20aa10103" />
    <UnitTestResult executionId="267362a7-d11a-48c4-8ae9-b587c50ffa39" testId="316392c1-969e-2877-d8a3-49e59ab8b4c7" testName="NewsApi.Tests.Unit.Domain.NewsEntityTests.News_Url_ShouldSupportSeoFriendlyFormats" computerName="BKALAFAT" duration="00:00:00.0006336" startTime="2025-10-21T17:57:36.6781829+03:00" endTime="2025-10-21T17:57:36.6781830+03:00" testType="13cdc9d9-ddb5-4fa4-a97d-d965ccfc6d4b" outcome="Passed" testListId="8c84fa94-04c1-424b-9868-57a2d4851a1d" relativeResultsDirectory="267362a7-d11a-48c4-8ae9-b587c50ffa39" />
    <UnitTestResult executionId="5dbe4260-8f18-4566-a056-34e9c91c3e62" testId="a0af9729-b196-a602-cfa4-fe89f072935f" testName="NewsApi.Tests.Unit.Application.NewsServiceTests.DeleteNewsAsync_ShouldCallRepositoryAndInvalidateCache" computerName="BKALAFAT" duration="00:00:00.0169750" startTime="2025-10-21T17:57:36.7536513+03:00" endTime="2025-10-21T17:57:36.7536514+03:00" testType="13cdc9d9-ddb5-4fa4-a97d-d965ccfc6d4b" outcome="Passed" testListId="8c84fa94-04c1-424b-9868-57a2d4851a1d" relativeResultsDirectory="5dbe4260-8f18-4566-a056-34e9c91c3e62" />
    <UnitTestResult executionId="a32b243a-bf14-4d4d-bd46-c62580583738" testId="594c2673-81f2-9f95-3df9-e0408a96c5b6" testName="NewsApi.Tests.Unit.Domain.NewsEntityTests.News_ViewCount_ShouldAcceptPositiveValues(viewCount: 1)" computerName="BKALAFAT" duration="00:00:00.0002728" startTime="2025-10-21T17:57:36.6780586+03:00" endTime="2025-10-21T17:57:36.6780587+03:00" testType="13cdc9d9-ddb5-4fa4-a97d-d965ccfc6d4b" outcome="Passed" testListId="8c84fa94-04c1-424b-9868-57a2d4851a1d" relativeResultsDirectory="a32b243a-bf14-4d4d-bd46-c62580583738" />
    <UnitTestResult executionId="6ee53083-7b40-490e-8ef6-3f3d99022af0" testId="d355fba3-2207-612d-327c-658d56717b51" testName="NewsApi.Tests.Unit.Validators.CreateNewsDtoValidatorTests.Url_WhenValid_ShouldNotHaveValidationError" computerName="BKALAFAT" duration="00:00:00.0006301" startTime="2025-10-21T17:57:36.7167491+03:00" endTime="2025-10-21T17:57:36.7167492+03:00" testType="13cdc9d9-ddb5-4fa4-a97d-d965ccfc6d4b" outcome="Passed" testListId="8c84fa94-04c1-424b-9868-57a2d4851a1d" relativeResultsDirectory="6ee53083-7b40-490e-8ef6-3f3d99022af0" />
    <UnitTestResult executionId="e72e16f7-ee91-4f40-a844-dfa166596da6" testId="735d205c-7d66-4fbc-95c0-7cea0bccf5cc" testName="NewsApi.Tests.Unit.Validators.CreateNewsDtoValidatorTests.Priority_WhenInRange_ShouldNotHaveValidationError(priority: 100)" computerName="BKALAFAT" duration="00:00:00.0005605" startTime="2025-10-21T17:57:36.7541768+03:00" endTime="2025-10-21T17:57:36.7541769+03:00" testType="13cdc9d9-ddb5-4fa4-a97d-d965ccfc6d4b" outcome="Passed" testListId="8c84fa94-04c1-424b-9868-57a2d4851a1d" relativeResultsDirectory="e72e16f7-ee91-4f40-a844-dfa166596da6" />
    <UnitTestResult executionId="7ebf9687-9b1f-4db5-9eda-ba5661cd3548" testId="3ff6d43e-70b9-0cb2-1bc6-d8c4f081fa3a" testName="NewsApi.Tests.Unit.Validators.CreateNewsDtoValidatorTests.Priority_WhenOutOfRange_ShouldHaveValidationError(priority: 101)" computerName="BKALAFAT" duration="00:00:00.0040737" startTime="2025-10-21T17:57:36.7130781+03:00" endTime="2025-10-21T17:57:36.7130783+03:00" testType="13cdc9d9-ddb5-4fa4-a97d-d965ccfc6d4b" outcome="Passed" testListId="8c84fa94-04c1-424b-9868-57a2d4851a1d" relativeResultsDirectory="7ebf9687-9b1f-4db5-9eda-ba5661cd3548" />
    <UnitTestResult executionId="1a4e1dc3-d418-4638-83ea-d20adee1a7e1" testId="d4d13900-78a0-5367-ba97-722e50439647" testName="NewsApi.Tests.Unit.Validators.UpdateNewsDtoValidatorTests.Type_WhenExceedsMaxLength_ShouldHaveValidationError" computerName="BKALAFAT" duration="00:00:00.0007029" startTime="2025-10-21T17:57:36.7061189+03:00" endTime="2025-10-21T17:57:36.7061194+03:00" testType="13cdc9d9-ddb5-4fa4-a97d-d965ccfc6d4b" outcome="Passed" testListId="8c84fa94-04c1-424b-9868-57a2d4851a1d" relativeResultsDirectory="1a4e1dc3-d418-4638-83ea-d20adee1a7e1" />
    <UnitTestResult executionId="013e5644-ef95-4954-ae9a-9f80142da5a0" testId="5a780189-64b5-3964-7de4-a33c2a289cea" testName="NewsApi.Tests.Unit.Domain.NewsEntityAdvancedTests.News_WithFutureExpressDate_ShouldAllowFutureDates" computerName="BKALAFAT" duration="00:00:00.0002163" startTime="2025-10-21T17:57:36.6790477+03:00" endTime="2025-10-21T17:57:36.6790478+03:00" testType="13cdc9d9-ddb5-4fa4-a97d-d965ccfc6d4b" outcome="Passed" testListId="8c84fa94-04c1-424b-9868-57a2d4851a1d" relativeResultsDirectory="013e5644-ef95-4954-ae9a-9f80142da5a0" />
    <UnitTestResult executionId="8585ce80-43cf-42a5-b4c3-b2000fa3d3a7" testId="c0b78a2c-9d44-69a2-babb-e63fb7f73e5b" testName="NewsApi.Tests.Unit.Domain.NewsEntityAdvancedTests.News_WithMinPriority_ShouldAcceptLowPriority" computerName="BKALAFAT" duration="00:00:00.0001993" startTime="2025-10-21T17:57:36.6796848+03:00" endTime="2025-10-21T17:57:36.6796849+03:00" testType="13cdc9d9-ddb5-4fa4-a97d-d965ccfc6d4b" outcome="Passed" testListId="8c84fa94-04c1-424b-9868-57a2d4851a1d" relativeResultsDirectory="8585ce80-43cf-42a5-b4c3-b2000fa3d3a7" />
    <UnitTestResult executionId="aa25f162-fdc0-44f9-ad3e-a1d96aec1e08" testId="0c98f565-c29b-5d0f-83c1-13e970804431" testName="NewsApi.Tests.Unit.Validators.UpdateNewsDtoValidatorTests.Caption_WhenExceedsMaxLength_ShouldHaveValidationError" computerName="BKALAFAT" duration="00:00:00.0102399" startTime="2025-10-21T17:57:36.7256434+03:00" endTime="2025-10-21T17:57:36.7256435+03:00" testType="13cdc9d9-ddb5-4fa4-a97d-d965ccfc6d4b" outcome="Passed" testListId="8c84fa94-04c1-424b-9868-57a2d4851a1d" relativeResultsDirectory="aa25f162-fdc0-44f9-ad3e-a1d96aec1e08" />
    <UnitTestResult executionId="07f52518-216f-4375-8bd7-be30f19944e8" testId="33a5740f-bb9b-2dab-ce32-d971b60c76f9" testName="NewsApi.Tests.Integration.Controllers.NewsControllerIntegrationTests.CreateNews_WithInvalidData_ShouldReturn400" computerName="BKALAFAT" duration="00:00:00.0181535" startTime="2025-10-21T17:57:38.0284599+03:00" endTime="2025-10-21T17:57:38.0284600+03:00" testType="13cdc9d9-ddb5-4fa4-a97d-d965ccfc6d4b" outcome="Passed" testListId="8c84fa94-04c1-424b-9868-57a2d4851a1d" relativeResultsDirectory="07f52518-216f-4375-8bd7-be30f19944e8" />
    <UnitTestResult executionId="2d865964-9142-4cf3-a652-1274d681226b" testId="ac6a21a6-9f18-bb67-e540-0f1bb7e22913" testName="NewsApi.Tests.Unit.Validators.CreateNewsDtoValidatorTests.Category_WhenExceedsMaxLength_ShouldHaveValidationError" computerName="BKALAFAT" duration="00:00:00.0005737" startTime="2025-10-21T17:57:36.7293576+03:00" endTime="2025-10-21T17:57:36.7293578+03:00" testType="13cdc9d9-ddb5-4fa4-a97d-d965ccfc6d4b" outcome="Passed" testListId="8c84fa94-04c1-424b-9868-57a2d4851a1d" relativeResultsDirectory="2d865964-9142-4cf3-a652-1274d681226b" />
    <UnitTestResult executionId="7f4bb13d-bc4e-4a10-9d2b-3a27d54ee306" testId="8628eb0b-c453-a990-80d2-ef62897ff8c4" testName="NewsApi.Tests.Unit.Presentation.NewsControllerTests.GetNewsByUrl_WithEmptyUrl_ShouldReturn400" computerName="BKALAFAT" duration="00:00:00.0009831" startTime="2025-10-21T17:57:36.7707310+03:00" endTime="2025-10-21T17:57:36.7707313+03:00" testType="13cdc9d9-ddb5-4fa4-a97d-d965ccfc6d4b" outcome="Passed" testListId="8c84fa94-04c1-424b-9868-57a2d4851a1d" relativeResultsDirectory="7f4bb13d-bc4e-4a10-9d2b-3a27d54ee306" />
    <UnitTestResult executionId="793e677f-e7ec-4f01-b0b7-da34ff729019" testId="c9042ae7-9425-8c56-3b28-d20318559bc1" testName="NewsApi.Tests.Unit.DTOs.UpdateNewsDtoTests.UpdateNewsDto_WhenEmpty_ShouldHaveAllNullValues" computerName="BKALAFAT" duration="00:00:00.0120776" startTime="2025-10-21T17:57:36.6761030+03:00" endTime="2025-10-21T17:57:36.6761032+03:00" testType="13cdc9d9-ddb5-4fa4-a97d-d965ccfc6d4b" outcome="Passed" testListId="8c84fa94-04c1-424b-9868-57a2d4851a1d" relativeResultsDirectory="793e677f-e7ec-4f01-b0b7-da34ff729019" />
    <UnitTestResult executionId="bfe624ca-c204-4d69-b862-80d609c9ea92" testId="bae4da1a-f5b9-e430-e66d-8feb2b702c3f" testName="NewsApi.Tests.Integration.Controllers.NewsControllerIntegrationTests.UpdateNews_WithoutAuthentication_ShouldReturn401" computerName="BKALAFAT" duration="00:00:00.0194217" startTime="2025-10-21T17:57:37.9445914+03:00" endTime="2025-10-21T17:57:37.9445915+03:00" testType="13cdc9d9-ddb5-4fa4-a97d-d965ccfc6d4b" outcome="Passed" testListId="8c84fa94-04c1-424b-9868-57a2d4851a1d" relativeResultsDirectory="bfe624ca-c204-4d69-b862-80d609c9ea92" />
    <UnitTestResult executionId="c0015c9c-17a0-4ac0-98ba-4bc7ed37f561" testId="df6ddd4d-9f51-7eb0-3afb-525aba20d259" testName="NewsApi.Tests.Unit.Performance.NewsServicePerformanceTests.GetAllNewsAsync_RepeatedCalls_ShouldUseCacheEfficiently" computerName="BKALAFAT" duration="00:00:00.0218230" startTime="2025-10-21T17:57:36.7155303+03:00" endTime="2025-10-21T17:57:36.7155307+03:00" testType="13cdc9d9-ddb5-4fa4-a97d-d965ccfc6d4b" outcome="Passed" testListId="8c84fa94-04c1-424b-9868-57a2d4851a1d" relativeResultsDirectory="c0015c9c-17a0-4ac0-98ba-4bc7ed37f561" />
    <UnitTestResult executionId="5a6faf3a-aa85-4d20-bb59-0369be29f939" testId="81a6dee2-c058-3f0a-b76d-1eef50085654" testName="NewsApi.Tests.Unit.Domain.NewsEntityTests.News_Priority_ShouldAcceptAnyIntegerValue(priority: 50)" computerName="BKALAFAT" duration="00:00:00.0000160" startTime="2025-10-21T17:57:36.6753134+03:00" endTime="2025-10-21T17:57:36.6753135+03:00" testType="13cdc9d9-ddb5-4fa4-a97d-d965ccfc6d4b" outcome="Passed" testListId="8c84fa94-04c1-424b-9868-57a2d4851a1d" relativeResultsDirectory="5a6faf3a-aa85-4d20-bb59-0369be29f939" />
    <UnitTestResult executionId="db7545ea-9621-4659-9d8c-88a40bd3ddc7" testId="074851cd-4baf-44ea-93f2-5d2c602aabfc" testName="NewsApi.Tests.Integration.Controllers.NewsControllerIntegrationTests.GetNewsByUrl_WithoutUrl_ShouldReturn400" computerName="BKALAFAT" duration="00:00:00.0017264" startTime="2025-10-21T17:57:38.1472773+03:00" endTime="2025-10-21T17:57:38.1472774+03:00" testType="13cdc9d9-ddb5-4fa4-a97d-d965ccfc6d4b" outcome="Passed" testListId="8c84fa94-04c1-424b-9868-57a2d4851a1d" relativeResultsDirectory="db7545ea-9621-4659-9d8c-88a40bd3ddc7" />
    <UnitTestResult executionId="bdd03e96-d627-40aa-aa3d-221a5fec8b90" testId="bceae378-9266-ff79-36c1-0f12395c55c0" testName="NewsApi.Tests.Unit.Validators.CreateNewsDtoValidatorTests.Type_WhenValid_ShouldNotHaveValidationError" computerName="BKALAFAT" duration="00:00:00.0006140" startTime="2025-10-21T17:57:36.7314768+03:00" endTime="2025-10-21T17:57:36.7314769+03:00" testType="13cdc9d9-ddb5-4fa4-a97d-d965ccfc6d4b" outcome="Passed" testListId="8c84fa94-04c1-424b-9868-57a2d4851a1d" relativeResultsDirectory="bdd03e96-d627-40aa-aa3d-221a5fec8b90" />
    <UnitTestResult executionId="12c5b545-cda6-411e-8d86-4829f1daa2c7" testId="6726c4e1-674c-8702-46a3-5841b3142e63" testName="NewsApi.Tests.Unit.Domain.NewsEntityTests.News_Type_ShouldAcceptValidTypes(type: &quot;Breaking News&quot;)" computerName="BKALAFAT" duration="00:00:00.0097148" startTime="2025-10-21T17:57:36.6731772+03:00" endTime="2025-10-21T17:57:36.6731773+03:00" testType="13cdc9d9-ddb5-4fa4-a97d-d965ccfc6d4b" outcome="Passed" testListId="8c84fa94-04c1-424b-9868-57a2d4851a1d" relativeResultsDirectory="12c5b545-cda6-411e-8d86-4829f1daa2c7" />
    <UnitTestResult executionId="dc51825e-3e88-4a22-94b9-315122243c21" testId="bbad7599-3c1f-2946-f32b-19e8fe3726fa" testName="NewsApi.Tests.Unit.Domain.NewsEntityTests.News_ViewCount_ShouldBeZeroByDefault" computerName="BKALAFAT" duration="00:00:00.0002848" startTime="2025-10-21T17:57:36.6787682+03:00" endTime="2025-10-21T17:57:36.6787682+03:00" testType="13cdc9d9-ddb5-4fa4-a97d-d965ccfc6d4b" outcome="Passed" testListId="8c84fa94-04c1-424b-9868-57a2d4851a1d" relativeResultsDirectory="dc51825e-3e88-4a22-94b9-315122243c21" />
    <UnitTestResult executionId="e132f192-50a6-4d23-b971-04c683a23ece" testId="f7de58b4-d4b0-8585-5ec5-a4f6c2600504" testName="NewsApi.Tests.Unit.Presentation.NewsControllerTests.GetNewsByUrl_WithValidUrl_ShouldReturnNews" computerName="BKALAFAT" duration="00:00:00.1827158" startTime="2025-10-21T17:57:36.7086479+03:00" endTime="2025-10-21T17:57:36.7086479+03:00" testType="13cdc9d9-ddb5-4fa4-a97d-d965ccfc6d4b" outcome="Passed" testListId="8c84fa94-04c1-424b-9868-57a2d4851a1d" relativeResultsDirectory="e132f192-50a6-4d23-b971-04c683a23ece" />
    <UnitTestResult executionId="8f1d7122-c596-432b-9c53-f798893d0130" testId="818990ca-5ec5-1930-c4ec-30c9dc37cc99" testName="NewsApi.Tests.Unit.Application.NewsValidatorTests.SocialTags_WhenTooLong_ShouldHaveValidationError" computerName="BKALAFAT" duration="00:00:00.0024336" startTime="2025-10-21T17:57:36.7275370+03:00" endTime="2025-10-21T17:57:36.7275372+03:00" testType="13cdc9d9-ddb5-4fa4-a97d-d965ccfc6d4b" outcome="Passed" testListId="8c84fa94-04c1-424b-9868-57a2d4851a1d" relativeResultsDirectory="8f1d7122-c596-432b-9c53-f798893d0130" />
    <UnitTestResult executionId="afb0e864-6ac6-4be3-afc9-12854f054927" testId="a987a4cc-f1b0-3ba8-f641-d3c7821fd2c7" testName="NewsApi.Tests.Integration.Controllers.NewsControllerIntegrationTests.GetAllNews_WithCategoryFilter_ShouldReturnFilteredNews" computerName="BKALAFAT" duration="00:00:01.3306647" startTime="2025-10-21T17:57:37.8598746+03:00" endTime="2025-10-21T17:57:37.8598749+03:00" testType="13cdc9d9-ddb5-4fa4-a97d-d965ccfc6d4b" outcome="Passed" testListId="8c84fa94-04c1-424b-9868-57a2d4851a1d" relativeResultsDirectory="afb0e864-6ac6-4be3-afc9-12854f054927" />
    <UnitTestResult executionId="e6a9fb19-8c8a-4e66-8958-8f5db93fc29e" testId="ea0d0c1b-6533-f9ff-f62c-db969cdee401" testName="NewsApi.Tests.Unit.Domain.NewsEntityTests.News_Authors_ShouldBeEmptyArrayByDefault" computerName="BKALAFAT" duration="00:00:00.0003748" startTime="2025-10-21T17:57:36.6772802+03:00" endTime="2025-10-21T17:57:36.6772803+03:00" testType="13cdc9d9-ddb5-4fa4-a97d-d965ccfc6d4b" outcome="Passed" testListId="8c84fa94-04c1-424b-9868-57a2d4851a1d" relativeResultsDirectory="e6a9fb19-8c8a-4e66-8958-8f5db93fc29e" />
    <UnitTestResult executionId="b7a8f582-ff56-45ed-9d8f-127c519d0ded" testId="7b2aee99-db5f-eb90-ef1b-644942189e10" testName="NewsApi.Tests.Unit.Application.NewsServiceTests.CreateNewsAsync_ShouldSetIdAndDatesAndInvalidateCache" computerName="BKALAFAT" duration="00:00:00.1910246" startTime="2025-10-21T17:57:36.7255012+03:00" endTime="2025-10-21T17:57:36.7255013+03:00" testType="13cdc9d9-ddb5-4fa4-a97d-d965ccfc6d4b" outcome="Passed" testListId="8c84fa94-04c1-424b-9868-57a2d4851a1d" relativeResultsDirectory="b7a8f582-ff56-45ed-9d8f-127c519d0ded" />
    <UnitTestResult executionId="5a56c91e-e88b-4481-990b-4025f10f1546" testId="1580cbb9-4817-78b4-31a7-651887efd4b5" testName="NewsApi.Tests.Unit.Application.NewsValidatorTests.Category_WhenTooLong_ShouldHaveValidationError" computerName="BKALAFAT" duration="00:00:00.0006589" startTime="2025-10-21T17:57:36.7318527+03:00" endTime="2025-10-21T17:57:36.7318528+03:00" testType="13cdc9d9-ddb5-4fa4-a97d-d965ccfc6d4b" outcome="Passed" testListId="8c84fa94-04c1-424b-9868-57a2d4851a1d" relativeResultsDirectory="5a56c91e-e88b-4481-990b-4025f10f1546" />
    <UnitTestResult executionId="f0426f0b-37df-4df5-ace4-38d9d2863a13" testId="14660611-941b-0747-9b9e-59f5e47d0c0d" testName="NewsApi.Tests.Unit.Domain.NewsEntityAdvancedTests.News_WithCategorySpecificUrl_ShouldFollowPattern(category: &quot;Sports&quot;, urlPattern: &quot;sports-breaking-news&quot;)" computerName="BKALAFAT" duration="00:00:00.0000337" startTime="2025-10-21T17:57:36.6732901+03:00" endTime="2025-10-21T17:57:36.6732902+03:00" testType="13cdc9d9-ddb5-4fa4-a97d-d965ccfc6d4b" outcome="Passed" testListId="8c84fa94-04c1-424b-9868-57a2d4851a1d" relativeResultsDirectory="f0426f0b-37df-4df5-ace4-38d9d2863a13" />
    <UnitTestResult executionId="b322c0ac-721d-4ddb-97d4-5ed6f2f5bb50" testId="c8ac80ba-4ea0-08fd-0ba7-eb0ac08cb4f2" testName="NewsApi.Tests.Unit.Validators.CreateNewsDtoValidatorTests.Caption_WhenExceedsMaxLength_ShouldHaveValidationError" computerName="BKALAFAT" duration="00:00:00.0153416" startTime="2025-10-21T17:57:36.7079566+03:00" endTime="2025-10-21T17:57:36.7079566+03:00" testType="13cdc9d9-ddb5-4fa4-a97d-d965ccfc6d4b" outcome="Passed" testListId="8c84fa94-04c1-424b-9868-57a2d4851a1d" relativeResultsDirectory="b322c0ac-721d-4ddb-97d4-5ed6f2f5bb50" />
    <UnitTestResult executionId="d073b082-ab38-4b3e-94b2-07a214316e95" testId="d136d1b2-3857-0e4f-24c4-e5726939b281" testName="NewsApi.Tests.Unit.Application.NewsServiceTests.CreateNewsAsync_WhenRepositoryThrows_ShouldPropagateException" computerName="BKALAFAT" duration="00:00:00.0020905" startTime="2025-10-21T17:57:36.7780227+03:00" endTime="2025-10-21T17:57:36.7780227+03:00" testType="13cdc9d9-ddb5-4fa4-a97d-d965ccfc6d4b" outcome="Passed" testListId="8c84fa94-04c1-424b-9868-57a2d4851a1d" relativeResultsDirectory="d073b082-ab38-4b3e-94b2-07a214316e95" />
    <UnitTestResult executionId="6bab949c-63f9-43d3-b33e-fe21fa32e38a" testId="1c2e6dc3-f0db-b953-e3a6-341ac6f19095" testName="NewsApi.Tests.Unit.Presentation.NewsControllerTests.DeleteNews_WithValidId_ShouldReturnNoContent" computerName="BKALAFAT" duration="00:00:00.0051272" startTime="2025-10-21T17:57:36.7981421+03:00" endTime="2025-10-21T17:57:36.7981426+03:00" testType="13cdc9d9-ddb5-4fa4-a97d-d965ccfc6d4b" outcome="Passed" testListId="8c84fa94-04c1-424b-9868-57a2d4851a1d" relativeResultsDirectory="6bab949c-63f9-43d3-b33e-fe21fa32e38a" />
    <UnitTestResult executionId="1fa2517f-0c5f-4fb6-8915-f71573493e0f" testId="b8e5cc6c-d156-8e10-5571-8253d4cf4add" testName="NewsApi.Tests.Unit.Application.NewsValidatorTests.Keywords_WhenEmpty_ShouldNotHaveValidationError" computerName="BKALAFAT" duration="00:00:00.0005293" startTime="2025-10-21T17:57:36.7287555+03:00" endTime="2025-10-21T17:57:36.7287557+03:00" testType="13cdc9d9-ddb5-4fa4-a97d-d965ccfc6d4b" outcome="Passed" testListId="8c84fa94-04c1-424b-9868-57a2d4851a1d" relativeResultsDirectory="1fa2517f-0c5f-4fb6-8915-f71573493e0f" />
    <UnitTestResult executionId="51d4a936-25fb-4c92-accc-1c08917938c1" testId="b468c886-471c-7408-bd1a-70b1232790ec" testName="NewsApi.Tests.Unit.Validators.CreateNewsDtoValidatorTests.Type_WhenExceedsMaxLength_ShouldHaveValidationError" computerName="BKALAFAT" duration="00:00:00.0007359" startTime="2025-10-21T17:57:36.7305965+03:00" endTime="2025-10-21T17:57:36.7305966+03:00" testType="13cdc9d9-ddb5-4fa4-a97d-d965ccfc6d4b" outcome="Passed" testListId="8c84fa94-04c1-424b-9868-57a2d4851a1d" relativeResultsDirectory="51d4a936-25fb-4c92-accc-1c08917938c1" />
    <UnitTestResult executionId="d97db0fa-539f-4e99-9f83-5dc05e8e054a" testId="6893dc60-3ed9-211e-314a-3591636f378a" testName="NewsApi.Tests.Unit.Presentation.NewsControllerTests.GetAllNews_WithoutFilters_ShouldReturnAllNews" computerName="BKALAFAT" duration="00:00:00.0021278" startTime="2025-10-21T17:57:36.8484137+03:00" endTime="2025-10-21T17:57:36.8484140+03:00" testType="13cdc9d9-ddb5-4fa4-a97d-d965ccfc6d4b" outcome="Passed" testListId="8c84fa94-04c1-424b-9868-57a2d4851a1d" relativeResultsDirectory="d97db0fa-539f-4e99-9f83-5dc05e8e054a" />
    <UnitTestResult executionId="81cb8124-a987-42b2-9c29-5f300e8e8e60" testId="7c7428ce-88ac-21ae-e384-80ce57ac524f" testName="NewsApi.Tests.Integration.Controllers.NewsControllerIntegrationTests.CreateNews_WithoutAuthentication_ShouldReturn401" computerName="BKALAFAT" duration="00:00:00.0018602" startTime="2025-10-21T17:57:38.0466343+03:00" endTime="2025-10-21T17:57:38.0466347+03:00" testType="13cdc9d9-ddb5-4fa4-a97d-d965ccfc6d4b" outcome="Passed" testListId="8c84fa94-04c1-424b-9868-57a2d4851a1d" relativeResultsDirectory="81cb8124-a987-42b2-9c29-5f300e8e8e60" />
[...]
    <TestEntry testId="d0e80485-7492-3b2a-5702-68f6fe1a6f7f" executionId="1dd2eeed-f0cf-4330-8ed5-42370d422971" testListId="8c84fa94-04c1-424b-9868-57a2d4851a1d" />
    <TestEntry testId="121e7c04-c2ca-f46d-7937-5d14a446f036" executionId="c23b3c08-2dc9-4408-893f-7a309dc60eb5" testListId="8c84fa94-04c1-424b-9868-57a2d4851a1d" />
    <TestEntry testId="502a4a28-ec46-205e-be46-d1ceddc595f7" executionId="8748ef92-2fd7-473f-94aa-db232165bc54" testListId="8c84fa94-04c1-424b-9868-57a2d4851a1d" />
    <TestEntry testId="a8aa0dfa-1377-a910-5c81-296bc258325e" executionId="09ccabcb-5174-4811-b9bf-c807bea6d8d7" testListId="8c84fa94-04c1-424b-9868-57a2d4851a1d" />
    <TestEntry testId="05dd407c-238f-e476-c046-5436840a5f86" executionId="cf66f98c-5218-45f0-b1ce-0bd83f12afb6" testListId="8c84fa94-04c1-424b-9868-57a2d4851a1d" />
    <TestEntry testId="3618ce07-bb40-591b-612a-c9b2541e1a42" executionId="7fe3cd91-5f79-4917-8d99-08dd7720457c" testListId="8c84fa94-04c1-424b-9868-57a2d4851a1d" />
    <TestEntry testId="fa5a918f-fde2-4c3b-d16d-41d05693fae7" executionId="b2083b70-d32d-4474-9245-62e82339be2f" testListId="8c84fa94-04c1-424b-9868-57a2d4851a1d" />
    <TestEntry testId="ac5afdbc-2a8e-8f2c-70e7-b5442a542b7f" executionId="23f4e166-f333-4287-a127-e9d1c9eb7c33" testListId="8c84fa94-04c1-424b-9868-57a2d4851a1d" />
    <TestEntry testId="14925cbd-ec9a-6720-11c1-13f3f6aaa4db" executionId="02a437c7-ed0d-4d86-9bb7-0f52ca6d9730" testListId="8c84fa94-04c1-424b-9868-57a2d4851a1d" />
    <TestEntry testId="64eeab15-8d46-1193-01cc-8f7303c80001" executionId="86963404-89ca-4d7c-b96c-f9133f89d819" testListId="8c84fa94-04c1-424b-9868-57a2d4851a1d" />
    <TestEntry testId="46c19414-3b15-48b3-9d13-0bad408b9ece" executionId="acf7450b-ea63-4f4d-85d6-54850791b10a" testListId="8c84fa94-04c1-424b-9868-57a2d4851a1d" />
    <TestEntry testId="ad75a544-7b06-11d8-03b8-60053b06a986" executionId="aecd507a-51a5-4ba4-8cae-500c26dc5bb4" testListId="8c84fa94-04c1-424b-9868-57a2d4851a1d" />
    <TestEntry testId="49dd4fb0-3428-2b2a-831d-8760b0748d36" executionId="c947e0f7-2a67-416a-b811-89abad05ab6b" testListId="8c84fa94-04c1-424b-9868-57a2d4851a1d" />
    <TestEntry testId="1b6b723f-1a0b-4814-d9c4-1bb649afde8e" executionId="6d0e30d7-9643-4ba7-96c1-d464c858aa42" testListId="8c84fa94-04c1-424b-9868-57a2d4851a1d" />
    <TestEntry testId="fba501aa-b3d9-3a9f-cc20-bb9b1d96d1df" executionId="81c18b9c-0796-4c59-9192-49c26acc93ba" testListId="8c84fa94-04c1-424b-9868-57a2d4851a1d" />
    <TestEntry testId="fc720166-9ecd-e6b8-b32b-eb50edf4d04b" executionId="fbcff4cc-eacb-43fe-bde9-d2580673f55e" testListId="8c84fa94-04c1-424b-9868-57a2d4851a1d" />
    <TestEntry testId="302e4dd9-faa5-f35e-91af-f12869b18e83" executionId="4ef8a4ef-d391-4979-8172-55eb2fe77f55" testListId="8c84fa94-04c1-424b-9868-57a2d4851a1d" />
    <TestEntry testId="c327a589-a1ea-eec7-a9fa-9b005568a4f5" executionId="a1037801-bf77-44c2-85c5-17673998a9df" testListId="8c84fa94-04c1-424b-9868-57a2d4851a1d" />
    <TestEntry testId="43c3352a-ed03-4dee-14da-008fa797dcfb" executionId="94e19f14-3fb2-4cd2-bef8-a38203c95a24" testListId="8c84fa94-04c1-424b-9868-57a2d4851a1d" />
    <TestEntry testId="7bc25429-cbce-1e20-47e0-c7f1cfbee395" executionId="7e1f2a30-9d87-4eae-8fd7-c09634ff72a0" testListId="8c84fa94-04c1-424b-9868-57a2d4851a1d" />
    <TestEntry testId="b610ee4c-444a-1b6b-6af5-eacdf9f38981" executionId="659cc4e7-a14f-4310-b21b-6770afbcff9c" testListId="8c84fa94-04c1-424b-9868-57a2d4851a1d" />
    <TestEntry testId="81f4e7e7-ab11-af04-aa5c-99913382963b" executionId="ddc4afd0-4f01-49c0-a9f9-4c1795a6fc02" testListId="8c84fa94-04c1-424b-9868-57a2d4851a1d" />
    <TestEntry testId="36427714-05a8-0cef-1e3c-5ff7e48ebc69" executionId="ffa7cb4c-17c6-4707-b713-3aba30ca0f02" testListId="8c84fa94-04c1-424b-9868-57a2d4851a1d" />
    <TestEntry testId="6cc6300b-3ccd-254f-0b26-3ed7c106266b" executionId="30993577-0a99-4f2c-a91a-61a840cecdd1" testListId="8c84fa94-04c1-424b-9868-57a2d4851a1d" />
    <TestEntry testId="a40cbfa4-aec1-3b66-0691-a85ae0011078" executionId="320b0dc8-464c-4eab-8c44-aeeb22bf4ad7" testListId="8c84fa94-04c1-424b-9868-57a2d4851a1d" />
    <TestEntry testId="725cb1bc-7a99-cf19-5789-2d55ba58c77b" executionId="05561f52-9bba-4823-aa97-cdbbf37c0883" testListId="8c84fa94-04c1-424b-9868-57a2d4851a1d" />
    <TestEntry testId="07e9c98f-c1f1-dfc6-6d20-9c8f21db2a0e" executionId="215e5388-d278-48c0-a5e2-42fd32ee0a0a" testListId="8c84fa94-04c1-424b-9868-57a2d4851a1d" />
    <TestEntry testId="1378b554-d600-fe66-ce09-1d752c39d48e" executionId="82c74361-dab5-41c6-bd91-185f4ccf1a47" testListId="8c84fa94-04c1-424b-9868-57a2d4851a1d" />
    <TestEntry testId="86f7bdf3-c299-d3f6-8bc0-a92951a76ec5" executionId="7d5a6231-04bf-40d8-8804-0776ee173386" testListId="8c84fa94-04c1-424b-9868-57a2d4851a1d" />
    <TestEntry testId="ecaf494b-e139-8a02-4f5f-00cbfe953b54" executionId="945362b0-52a6-4435-9d18-b6266e72a4e8" testListId="8c84fa94-04c1-424b-9868-57a2d4851a1d" />
    <TestEntry testId="788382ac-90e3-e6e9-fcce-a2cbefe4553f" executionId="104798a5-42d4-4f27-b0a9-18d76f5ba472" testListId="8c84fa94-04c1-424b-9868-57a2d4851a1d" />
    <TestEntry testId="42ee83bb-77bf-e79c-e75a-eec19afb3468" executionId="b47eac39-6230-4a41-8935-96784086e5a4" testListId="8c84fa94-04c1-424b-9868-57a2d4851a1d" />
    <TestEntry testId="792af830-cfa2-6c11-a9c1-3f94aea77428" executionId="5264f2c4-6066-48f1-8048-a8077458f1ce" testListId="8c84fa94-04c1-424b-9868-57a2d4851a1d" />
  </TestEntries>
  <TestLists>
    <TestList name="Results Not in a List" id="8c84fa94-04c1-424b-9868-57a2d4851a1d" />
    <TestList name="All Loaded Results" id="19431567-8539-422a-85d7-44ee4e166bda" />
  </TestLists>
  <ResultSummary outcome="Failed">
    <Counters total="197" executed="197" passed="192" failed="5" error="0" timeout="0" aborted="0" inconclusive="0" passedButRunAborted="0" notRunnable="0" notExecuted="0" disconnected="0" warning="0" completed="0" inProgress="0" pending="0" />
    <Output>
      <StdOut>[xUnit.net 00:00:00.00] xUnit.net VSTest Adapter v2.5.3.1+6b60a9e56a (64-bit .NET 10.0.0-rc.2.25502.107)&#xD;
[xUnit.net 00:00:00.14]   Discovering: NewsApi.Tests&#xD;
[xUnit.net 00:00:00.23]   Discovered:  NewsApi.Tests&#xD;
[xUnit.net 00:00:00.24]   Starting:    NewsApi.Tests&#xD;
     Warning:&#xD;
     The component "Fluent Assertions" is governed by the rules defined in the Xceed License Agreement and&#xD;
     the Xceed Fluent Assertions Community License. You may use Fluent Assertions free of charge for&#xD;
     non-commercial use only. An active subscription is required to use Fluent Assertions for commercial use.&#xD;
     Please contact Xceed Sales mailto:sales@xceed.com to acquire a subscription at a very low cost.&#xD;
     A paid commercial license supports the development and continued increasing support of&#xD;
     Fluent Assertions users under both commercial and community licenses. Help us&#xD;
     keep Fluent Assertions at the forefront of unit testing.&#xD;
     For more information, visit https://xceed.com/products/unit-testing/fluent-assertions/&#xD;
GetAllNews called&#xD;
Retrieved 3 news items&#xD;
After category filter: 2 items&#xD;
GetAllNews called&#xD;
Retrieved 3 news items&#xD;
After type filter: 2 items&#xD;
GetAllNews called&#xD;
Retrieved 0 news items&#xD;
GetAllNews called&#xD;
Error in GetAllNews: System.Exception: Database error&#xD;
   at NewsApi.Presentation.Controllers.NewsController.GetAllNews(String category, String type) in c:\dev\news-api\newsApi\Presentation\Controllers\NewsController.cs:line 36&#xD;
GetAllNews called&#xD;
Retrieved 3 news items&#xD;
GetAllNews called&#xD;
Retrieved 3 news items&#xD;
After category filter: 2 items&#xD;
After type filter: 1 items&#xD;
GetAllNews called&#xD;
Retrieved 3 news items&#xD;
After category filter: 2 items&#xD;
info: Microsoft.Hosting.Lifetime[0]&#xD;
      Application started. Press Ctrl+C to shut down.&#xD;
info: Microsoft.Hosting.Lifetime[0]&#xD;
      Hosting environment: Testing&#xD;
info: Microsoft.Hosting.Lifetime[0]&#xD;
      Content root path: c:\dev\news-api\newsApi&#xD;
GetAllNews called&#xD;
Retrieved 3 news items&#xD;
After category filter: 2 items&#xD;
GetAllNews called&#xD;
Retrieved 6 news items&#xD;
After type filter: 2 items&#xD;
[xUnit.net 00:00:01.79]       Expected response.StatusCode to be HttpStatusCode.NotFound {value: 404}, but found HttpStatusCode.InternalServerError {value: 500}.&#xD;
[xUnit.net 00:00:01.79]       Stack Trace:&#xD;
[xUnit.net 00:00:01.79]            at FluentAssertions.Execution.LateBoundTestFramework.Throw(String message)&#xD;
[xUnit.net 00:00:01.79]            at FluentAssertions.Execution.DefaultAssertionStrategy.HandleFailure(String message)&#xD;
[xUnit.net 00:00:01.79]            at FluentAssertions.Execution.AssertionScope.AddPreFormattedFailure(String formattedFailureMessage)&#xD;
[xUnit.net 00:00:01.79]            at FluentAssertions.Execution.AssertionChain.FailWith(Func`1 getFailureReason)&#xD;
[xUnit.net 00:00:01.79]            at FluentAssertions.Execution.AssertionChain.FailWith(Func`1 getFailureReason)&#xD;
[xUnit.net 00:00:01.79]            at FluentAssertions.Execution.AssertionChain.FailWith(String message, Object[] args)&#xD;
[xUnit.net 00:00:01.79]            at FluentAssertions.Primitives.EnumAssertions`2.Be(TEnum expected, String because, Object[] becauseArgs)&#xD;
[xUnit.net 00:00:01.79]         c:\dev\news-api\NewsApi.Tests\Integration\Controllers\NewsControllerIntegrationTests.cs(229,0): at NewsApi.Tests.Integration.Controllers.NewsControllerIntegrationTests.DeleteNews_WithInvalidId_ShouldReturn404()&#xD;
[xUnit.net 00:00:01.79]         --- End of stack trace from previous location ---&#xD;
[xUnit.net 00:00:01.82]       Expected response.StatusCode to be HttpStatusCode.NotFound {value: 404}, but found HttpStatusCode.InternalServerError {value: 500}.&#xD;
[xUnit.net 00:00:01.82]       Stack Trace:&#xD;
[xUnit.net 00:00:01.82]            at FluentAssertions.Execution.LateBoundTestFramework.Throw(String message)&#xD;
[xUnit.net 00:00:01.82]            at FluentAssertions.Execution.DefaultAssertionStrategy.HandleFailure(String message)&#xD;
[xUnit.net 00:00:01.82]            at FluentAssertions.Execution.AssertionScope.AddPreFormattedFailure(String formattedFailureMessage)&#xD;
[xUnit.net 00:00:01.82]            at FluentAssertions.Execution.AssertionChain.FailWith(Func`1 getFailureReason)&#xD;
[xUnit.net 00:00:01.82]            at FluentAssertions.Execution.AssertionChain.FailWith(Func`1 getFailureReason)&#xD;
[xUnit.net 00:00:01.82]            at FluentAssertions.Execution.AssertionChain.FailWith(String message, Object[] args)&#xD;
[xUnit.net 00:00:01.82]            at FluentAssertions.Primitives.EnumAssertions`2.Be(TEnum expected, String because, Object[] becauseArgs)&#xD;
[xUnit.net 00:00:01.82]         c:\dev\news-api\NewsApi.Tests\Integration\Controllers\NewsControllerIntegrationTests.cs(197,0): at NewsApi.Tests.Integration.Controllers.NewsControllerIntegrationTests.UpdateNews_WithInvalidId_ShouldReturn404()&#xD;
[xUnit.net 00:00:01.82]         --- End of stack trace from previous location ---&#xD;
GetAllNews called&#xD;
Retrieved 8 news items&#xD;
[xUnit.net 00:00:01.85]       Expected news to be empty, but found at least one item {&#xD;
[xUnit.net 00:00:01.85]           NewsApi.Domain.Entities.News&#xD;
[xUnit.net 00:00:01.85]           {&#xD;
[xUnit.net 00:00:01.85]               Authors = {"Test Author"},&#xD;
[xUnit.net 00:00:01.85]               Caption = "Valid Technology News",&#xD;
[xUnit.net 00:00:01.85]               Category = "Technology",&#xD;
[xUnit.net 00:00:01.85]               Content = "This is a comprehensive technology article with valid content",&#xD;
[xUnit.net 00:00:01.85]               CreateDate = &lt;2025-10-21 14:57:37.950&gt;,&#xD;
[xUnit.net 00:00:01.85]               ExpressDate = &lt;2025-10-21 14:57:37.949&gt;,&#xD;
[xUnit.net 00:00:01.85]               Id = "68f79f61c84b66ed5c457c0b",&#xD;
[xUnit.net 00:00:01.85]               ImgAlt = "Default test image",&#xD;
[xUnit.net 00:00:01.85]               ImgPath = "/images/default-test.jpg",&#xD;
[xUnit.net 00:00:01.85]               IsActive = True,&#xD;
[xUnit.net 00:00:01.85]               IsSecondPageNews = False,&#xD;
[xUnit.net 00:00:01.85]               Keywords = "test, default",&#xD;
[xUnit.net 00:00:01.85]               Priority = 1,&#xD;
[xUnit.net 00:00:01.85]               SocialTags = "#test #default",&#xD;
[xUnit.net 00:00:01.85]               Subjects = {"Testing"},&#xD;
[xUnit.net 00:00:01.85]               Summary = "A valid technology news article for testing",&#xD;
[xUnit.net 00:00:01.85]               Type = "Article",&#xD;
[xUnit.net 00:00:01.85]               UpdateDate = &lt;2025-10-21 14:57:37.950&gt;,&#xD;
[xUnit.net 00:00:01.85]               Url = "default-test-news",&#xD;
[xUnit.net 00:00:01.85]               ViewCount = 0&#xD;
[xUnit.net 00:00:01.85]           }&#xD;
[xUnit.net 00:00:01.85]       }.&#xD;
[xUnit.net 00:00:01.85]       Stack Trace:&#xD;
[xUnit.net 00:00:01.85]            at FluentAssertions.Execution.LateBoundTestFramework.Throw(String message)&#xD;
[xUnit.net 00:00:01.85]            at FluentAssertions.Execution.DefaultAssertionStrategy.HandleFailure(String message)&#xD;
[xUnit.net 00:00:01.85]            at FluentAssertions.Execution.AssertionScope.AddPreFormattedFailure(String formattedFailureMessage)&#xD;
[xUnit.net 00:00:01.85]            at FluentAssertions.Execution.AssertionChain.FailWith(Func`1 getFailureReason)&#xD;
[xUnit.net 00:00:01.85]            at FluentAssertions.Execution.AssertionChain.FailWith(Func`1 getFailureReason)&#xD;
[xUnit.net 00:00:01.85]            at FluentAssertions.Execution.AssertionChain.FailWith(String message, Object[] args)&#xD;
[xUnit.net 00:00:01.85]            at FluentAssertions.Execution.GivenSelector`1.FailWith(String message, Object[] args)&#xD;
[xUnit.net 00:00:01.86]            at FluentAssertions.Collections.GenericCollectionAssertions`3.&lt;&gt;c__DisplayClass10_0.&lt;BeEmpty&gt;b__0(AssertionChain chain)&#xD;
[xUnit.net 00:00:01.86]            at FluentAssertions.Execution.AssertionChain.WithExpectation(String message, Action`1 chain, Object[] args)&#xD;
[xUnit.net 00:00:01.86]            at FluentAssertions.Execution.AssertionChain.WithExpectation(String message, Action`1 chain)&#xD;
[xUnit.net 00:00:01.86]            at FluentAssertions.Collections.GenericCollectionAssertions`3.BeEmpty(String because, Object[] becauseArgs)&#xD;
[xUnit.net 00:00:01.86]         c:\dev\news-api\NewsApi.Tests\Integration\Controllers\NewsControllerIntegrationTests.cs(38,0): at NewsApi.Tests.Integration.Controllers.NewsControllerIntegrationTests.GetAllNews_WhenNoNewsExists_ShouldReturnEmptyList()&#xD;
[xUnit.net 00:00:01.86]         --- End of stack trace from previous location ---&#xD;
GetAllNews called&#xD;
Retrieved 10 news items&#xD;
[xUnit.net 00:00:01.91]       Expected response.StatusCode to be HttpStatusCode.NotFound {value: 404}, but found HttpStatusCode.InternalServerError {value: 500}.&#xD;
[xUnit.net 00:00:01.91]       Stack Trace:&#xD;
[xUnit.net 00:00:01.91]            at FluentAssertions.Execution.LateBoundTestFramework.Throw(String message)&#xD;
[xUnit.net 00:00:01.91]            at FluentAssertions.Execution.DefaultAssertionStrategy.HandleFailure(String message)&#xD;
[xUnit.net 00:00:01.91]            at FluentAssertions.Execution.AssertionScope.AddPreFormattedFailure(String formattedFailureMessage)&#xD;
[xUnit.net 00:00:01.91]            at FluentAssertions.Execution.AssertionChain.FailWith(Func`1 getFailureReason)&#xD;
[xUnit.net 00:00:01.91]            at FluentAssertions.Execution.AssertionChain.FailWith(Func`1 getFailureReason)&#xD;
[xUnit.net 00:00:01.91]            at FluentAssertions.Execution.AssertionChain.FailWith(String message, Object[] args)&#xD;
[xUnit.net 00:00:01.91]            at FluentAssertions.Primitives.EnumAssertions`2.Be(TEnum expected, String because, Object[] becauseArgs)&#xD;
[xUnit.net 00:00:01.91]         c:\dev\news-api\NewsApi.Tests\Integration\Controllers\NewsControllerIntegrationTests.cs(107,0): at NewsApi.Tests.Integration.Controllers.NewsControllerIntegrationTests.GetNewsById_WithInvalidId_ShouldReturn404()&#xD;
[xUnit.net 00:00:01.91]         --- End of stack trace from previous location ---&#xD;
[xUnit.net 00:00:01.92]       Expected retrievedNews!.Caption to be the same string, but they differ at index 0:&#xD;
[xUnit.net 00:00:01.92]          ↓ (actual)&#xD;
[xUnit.net 00:00:01.92]         "Valid Technology…"&#xD;
[xUnit.net 00:00:01.92]         "Original Caption"&#xD;
[xUnit.net 00:00:01.92]          ↑ (expected).&#xD;
[xUnit.net 00:00:01.92]       Stack Trace:&#xD;
[xUnit.net 00:00:01.92]            at FluentAssertions.Execution.LateBoundTestFramework.Throw(String message)&#xD;
[xUnit.net 00:00:01.92]            at FluentAssertions.Execution.DefaultAssertionStrategy.HandleFailure(String message)&#xD;
[xUnit.net 00:00:01.92]            at FluentAssertions.Execution.AssertionScope.AddPreFormattedFailure(String formattedFailureMessage)&#xD;
[xUnit.net 00:00:01.92]            at FluentAssertions.Execution.AssertionChain.FailWith(Func`1 getFailureReason)&#xD;
[xUnit.net 00:00:01.92]            at FluentAssertions.Execution.AssertionChain.FailWith(Func`1 getFailureReason)&#xD;
[xUnit.net 00:00:01.92]            at FluentAssertions.Execution.AssertionChain.FailWith(String message)&#xD;
[xUnit.net 00:00:01.92]            at FluentAssertions.Primitives.StringEqualityStrategy.AssertForEquality(AssertionChain assertionChain, String subject, String expected)&#xD;
[xUnit.net 00:00:01.92]            at FluentAssertions.Primitives.StringValidator.Validate(String subject, String expected)&#xD;
[xUnit.net 00:00:01.92]            at FluentAssertions.Primitives.StringAssertions`1.Be(String expected, String because, Object[] becauseArgs)&#xD;
[xUnit.net 00:00:01.92]         c:\dev\news-api\NewsApi.Tests\Integration\Controllers\NewsControllerIntegrationTests.cs(259,0): at NewsApi.Tests.Integration.Controllers.NewsControllerIntegrationTests.CompleteCRUDWorkflow_ShouldWork()&#xD;
[xUnit.net 00:00:01.92]         --- End of stack trace from previous location ---&#xD;
info: Microsoft.Hosting.Lifetime[0]&#xD;
      Application is shutting down...&#xD;
[xUnit.net 00:00:01.94]   Finished:    NewsApi.Tests&#xD;
</StdOut>
    </Output>
    <RunInfos>
      <RunInfo computerName="BKALAFAT" outcome="Error" timestamp="2025-10-21T17:57:38.0129912+03:00">
        <Text>[xUnit.net 00:00:01.79]     NewsApi.Tests.Integration.Controllers.NewsControllerIntegrationTests.DeleteNews_WithInvalidId_ShouldReturn404 [FAIL]</Text>
      </RunInfo>
      <RunInfo computerName="BKALAFAT" outcome="Error" timestamp="2025-10-21T17:57:38.0449028+03:00">
        <Text>[xUnit.net 00:00:01.82]     NewsApi.Tests.Integration.Controllers.NewsControllerIntegrationTests.UpdateNews_WithInvalidId_ShouldReturn404 [FAIL]</Text>
      </RunInfo>
      <RunInfo computerName="BKALAFAT" outcome="Error" timestamp="2025-10-21T17:57:38.0790959+03:00">
        <Text>[xUnit.net 00:00:01.85]     NewsApi.Tests.Integration.Controllers.NewsControllerIntegrationTests.GetAllNews_WhenNoNewsExists_ShouldReturnEmptyList [FAIL]</Text>
      </RunInfo>
      <RunInfo computerName="BKALAFAT" outcome="Error" timestamp="2025-10-21T17:57:38.1339119+03:00">
        <Text>[xUnit.net 00:00:01.91]     NewsApi.Tests.Integration.Controllers.NewsControllerIntegrationTests.GetNewsById_WithInvalidId_ShouldReturn404 [FAIL]</Text>
      </RunInfo>
      <RunInfo computerName="BKALAFAT" outcome="Error" timestamp="2025-10-21T17:57:38.1501553+03:00">
        <Text>[xUnit.net 00:00:01.92]     NewsApi.Tests.Integration.Controllers.NewsControllerIntegrationTests.CompleteCRUDWorkflow_ShouldWork [FAIL]</Text>
      </RunInfo>
    </RunInfos>
  </ResultSummary>
</TestRun>